[    0.000000]Inializnggrroup subsys cpuset
[    0.000000] Initializing cgroup subsys cpu
[    0.000000] Initiliing grup subsys cpuacct
[    0.000000] Linux version 4.4.0-112-generic (buildd@lgw01-amd64-01) cc verson5.4. 260609 (Uun 5.4.0-6uunu116.04.5 )135-unu SMFr Jan1911:48:6 UTC 208 buntu 4.4.0-112.135-generic 4.4.98)
[    0.000000] Command line: BOOT_IMAGE=/boot/vmlinuz-4.4.0-112-generic root=LABEL=cloudimg-rootfs ro console=tty1 console=ttyS0
[    0.000000] KERNEL supported cpus:
[    0.000]  Inl GeuiIntel
[    0.000000]   AMD AuthenticAMD
[    0.000000]   Centaur CentrHaul
   0.0000] x86/fp: tate_fft[2]  76, xstate_sizes[2]:  256
[    0.000000] x86/fpu: Supporting XSAVE feature 0x01: 'x87 floating point registers'
[    0.000000] x86/fpu: Supporting XSAVE feature 0x02: 'SSE registers'
[    0.000000] x86/fpu: Supporting XSAVE feature 0x04: 'AVX registers'
[    0.000000] x86/fpu: Enabled xstate features 0x7, context size is 832 bytes, using 'standard' format.
[    0.000000] x86/fpu: Using az' FPU context switches.
[    0.000000] e820: BIOS-provided physical RAM map:
[    0.000000] BIOS-e820: [mem 0x0000000000000-0x000000009fbff] usable
[    0.000000] BIOS-e820: [mem 0x000000000009fc00-0x0000000009ffff] reserved
[   .0000]BIOS-e820: [me0x00000000000f0000-0x00000000000fffff] reserved
[    0.000000] BIOS-e8: mem 0x0000000000100000-0x000000003ffeffff] usable
[    0.000000] BIOS-e820: [mem 0x000000003fff0000-0x000000003fffffff] ACPI data
[    0.000000] BIOS-e820: [mem 0x00000000fec00000-0x00000000fec00fff] reserved
[    0.000000] BIOS-e820: [mem 0x00000000fee00000-0x0000000fe0fff]esrved
[    0.000000] BIOS-e820: [mem 0x00000000fffc0000-0x00000000ffffffff] reserved
[    0.000000] NX (Execute Disable) protection: active
[    0.000000] SMBIOS 2.5 present.
[    0.000000] Hypervisor detected: KVM
[    0.000000] e820: last_pfn = 0x3fff0 max_arch_pfn = 0x400000000
[    0.000000] MTRR: Disabled
[    0.000000] x86/PAT: MTRRs disabled, skipping PAT initialization too.
[    0.000000] CPU MTRRs all blank - virtualized system.
[    0.000000] x86/PAT: Configuration [0-7]: WB  WT  UC- UC  WB  WT  UC- UC  
[    0.000000] found SMP MP-table at [mem 0x0009fff0-0x000fff] apd at [ffff88000009fff0]
[    0.000000] Scanning 1 areas for low memory corruption
[    0.000000] RAMDISK: [mem 0x36adc000-0x37565fff]
[    0.000000] ACPI: Early ab checsuveriicion isled
[   .0000]ACPIRSDP 0x00000000000E0000 000024 (v02 VBOX  )
[    0.000000] ACPI: XSDT 0x000000003FFF0030 00003C (v01 VBOX   VBOXXSDT 00000001 ASL  00000061)
[    0.000000] ACPI: FACP 0x000000003FFF00F0 0000F4 (v04 VBOX   VBOXFAC 00000001 ASL  00000061)
[    0.000000] ACPI: DSDT 0x0000003FFF0470 0021F (02VB   VBOXBIS 00000002 INTL 20100528)
[    0.000000] ACPI: FACS 0x000000003FFF0200 000040
[  0.000] AC: ACS 0x000000FF200 00040
[  .000000] ACI: AC x000003FFF04000005C(v VBO   VBOXAPIC 00000001 ASL  00000061)
[    0.000000] ACPI: SSDT 0x000000003FFF02A0 0001C (01 VBOX   VBOXCPUT 00000002 INTL 20100528)
[  0.000000No NUMA onguratin und
    0.000000] Faking a node at [mem 0x0000000000000000-0x000000003ffeffff]
[    0.000000] NODE_DATA(0) allocated [mem 0x3ffeb000-0x3ffeffff]
[    0.000000] kvm-clock: Using msrs 4b564d01 and 4b564d00
[    0.000000] kvm-clock: cpu 0, msr 0:3ffe3001, primary cpu clock
[    0.000000] kvm-clock: using sched offset of 3199167938 cycles
[    0.000000] cocksourc kvm-clock:mask: 0xfffffffffffff max_cycles: 0x1cd42e4dffb, max_idle_ns: 8890591483 ns
[   0000000 Zneranges:[   0.0000] DM     em 000000000000-x00000000fff]
[    0.000]   MA    me0x0000000100000x0000003fffff][    0.000000]   Normal   empty
[    .00000]  Device   empt
[    0.000000] Movable zonetat orach ne
[    0.000000] Eay emory node ranges
[    0.000000]   node   0: [mem 0x0000000000001000-0x000000000009efff]
[    0.000000]   node   0: [mem 0x0000000000100000-0x000003ffff]
[   0.0000 Iitmem set nde 0 me 0x0000000001000-0x000000003ffeffff]
[    0.000000] ACPI: PM-TimerIO Pot:x4008
[  0000000] IOAC[]: apc_ 2, veron32, ddress 0xfe00000, GSI 0-23
[    0.00000] CPI: NT_SRC_OVR (bus 0 bus_irq 0 global_irq 2 dfl dfl)
[  0000000]ACI: INT_SRC_OVR (bus 0 bus_irq 9 global_irq 9 low level)
[    0.000000] Using ACPI (MADT) for SMP configuration ifoatio
   0.0000 smpbt:Allowin 2PUs, 0 hotluCPUs
  0.00000]M: Registerd nave emry: me0x00000-0x0000fff]
[    0.000000] PM: Registered nosave memor [mem 0009f000-000ffff]
[  0.0000] PM: Registerd nosae emry: [m 0000a0000-000eff]
[  0.0000] : Regiser nosae mory:[mm 0x000f000x000ffff]
[  0.00000] e820:[mem 0x400000-0xfebfffff]avlabl f PCI devices[    .0000] Btig paavirtalized kernel n VM
[    0.000000] clocksource: refined-jiffies: mask: 0xfffffffax_cycle: ffffffff, max_idle_ns: 7645519600211568 ns
[    0.000000] setup_percpu: NR_CPUS:512 nr_cpumask_bits:512 nr_cpu_ids:2 nr_de_ids:1
[    0.000000] PERCPU: Embedded 34 pages/cpu @ffff88003fc00000 s99544 r8192 d31528 u1048576
[    0.000000] PV qspinlock hash table entries: 256 (order: 0, 4096 bytes)
[    0.000000] Built 1 zonelists in Node order, mobility grouping on.  Total pages: 257913
[    0.000000] Policy zone: DMA32
[    0.00000] Kenecommad ine: BOOIMAGE=/botmlinu4..0-112-gneic rotABEL=cloudimgootfs o nsol=t1 conolttyS
   0.000] PD sh table etries: 4096 (order: 3, 32768 bytes)
[    0.000000] Memory: 1001740K/1048120K availale (849K kernel code, 130K wdata, 3988K rodata, 1508K init, 1316K bss, 46380K reserved, 0K cma-reserved)
  0.000000] SLUB: HWalign=, Ord=03, Mibjcts=0, Cs=, Noes
[  0.00000] Kerl/ser pge tables isolation: enabled
[    .00000Hierahial CUmplemtaion.
   0.000000] 	Build-time adjustment of leaf fanout to 64.
[   0.000000]	RU restricting CPUs from NR_CPUS=512 to nr_cpu_ids=2.
[    0.000000] RCU Austig eoety r rc_fnout_leaf=64 n_cpu_ds
[   0000] NR_IQS3324nrirqs:440 16
[    0.000000] Console: colour VGA+ 80x25
[    0.000000] console [tty1] enabled
[    0.000000] console [ttyS0] enabled
[    0.000000] tsc: Detected 1599.999 MHz processor
[   10.709380] Calibrating delay loop (skipped) preset value.. 3199.99 BogoMIPS (lpj=6399996)
[   10.711785] pid_max: default: 32768 minimum: 301
[   10.718869] ACPI: Core revision 20150930
[   10.721095] ACPI: 2 ACPI AML tables successfully acquired and loaded
[   10.722965] Security Framework initialized
[   10.724118] Yama: becoming mindful.
[   10.725205] AppArmor: AppArmor initialized
[   10.726564] Dentry cache hash table entries: 131072 (order: 8, 1048576 bytes)
[   10.826505] Inode-cache hash table entries: 65536 (order: 7, 524288 bytes)
[   10.925011] Mount-cache hash table entries: 2048 (order: 2, 16384 bytes)
[   10.996994] Mountpoint-cache hash table entries: 2048 (order: 2, 16384 bytes)
[   11.012386] Initializing cgroup subsys io
[   11.013600] Initializing cgroup subsys memoryy
[   11.033584] Initializing cgroup subsys devices
[   11.097494] Initializing cgroup subsys freezer
[   11.133307] Initializing cgroup subsys net_cls
[   11.206670] Initializing cgroup subsys perf_event
[   11.237168] Initializing cgroup subsys net_prio
[   11.289700] Initializing cgroup subsys hugetlb
[   11.338700] Initializing cgroup subsys pids
[   11.399064] CPU: Physical Processor ID: 0
[   11.420969] CPU: Processor Core ID: 0
[   11.445068] FEATURE SPEC_CTRL Not Present
[   11.470246] mce: CPU supports 0 MCE banks
[   11.505734] Last level iTLB entries: 4KB 64, 2MB 8, 4MB 8
[   11.556848] Last level dTLB entries: 4KB 64, 2MB 0, 4MB 0, 1GB 4
[   11.580855] Freeing SMP alternatives memory: 32K
[   11.592811] ftrace: allocating 32180 entries in 126 pages
[   11.726606] smpboot: APIC(0) Converting physical 0 to logical package 0
[   11.821886] smpboot: Max logical packages: 1
[   11.853683] x2apic enabled
[   11.854734] Switched APIC routing to physical x2apic.
[   11.857477] ..TIMER: vector=0x30 apic1=0 pin1=2 apic2=-1 pin2=-1
[   12.037021] smpboot: CPU0: Intel(R) Core(TM) i5-5250U CPU @ 1.60GHz (family: 0x6, model: 0x3d, stepping: 0x4)
[   12.151870] Performance Events: unsupported p6 CPU model 61 no PMU driver, software events only.
[   12.271560] KVM setup paravirtual spinlock
[   12.303853] x86: Booting SMP configuration:
[   12.368576] .... node  #0, CPUs:      #1
[   12.404992] kvm-clock: cpu 1, msr 0:3ffe3041, secondary cpu clock
[   12.407339] mce: CPU supports 0 MCE banks
[   12.413063] x86: Booted up 1 node, 2 CPUs
[   12.442333] smpboot: Total of 2 processors activated (6399.99 BogoMIPS)
[   12.475353] devtmpfs: initialized
[   12.496212] evm: security.selinux
[   12.498868] evm: security.SMACK64
[   12.524723] evm: security.SMACK64EXEC
[   12.550916] evm: security.SMACK64TRANSMUTE
[   12.586601] evm: security.SMACK64MMAP
[   12.649758] evm: security.ima
[   12.689785] evm: security.capability
[   12.732331] clocksource: jiffies: mask: 0xffffffff max_cycles: 0xffffffff, max_idle_ns: 7645041785100000 ns
[   12.826806] futex hash table entries: 512 (order: 3, 32768 bytes)
[   12.877356] pinctrl core: initialized pinctrl subsystem
[   12.900351] RTC time: 16:17:56, date: 01/29/18
[   12.939911] NET: Registered protocol family 16
[   12.978761] cpuidle: using governor ladder
[   13.015284] cpuidle: using governor menu
[   13.042454] PCCT header not found.
[   13.0682188 ACPI: bus type PCI registered
[   13.098928] acpiphp: ACPI Hot Plug PCI Controller Driver version: 0.5
[   13.127023] PCI: Using configuration type 1 for base access
[   13.173818] ACPI: Added _OSI(Module Device)
[   13.196265] ACPI: Added _OSI(Processor Device)
[   13.230293] ACPI: Added _OSI(3.0 _SCP Extensions)
[   13.268837] ACPI: Added _OSI(Processor Aggregator Device)
[   13.293505] ACPI: Executed 1 blocks of module-level executable AML code
[   13.366942] ACPI: Interpreter enabled
[   13.396408] ACPI: (supports S0 S5)
[   13.421746] ACPI: Using IOAPIC for interrupt routing
[   13.436673] PCI: Using host bridge windows from ACPI; if necessary, use "pci=nocrs" and report a bug
[   13.445615] ACPI: PCI Root Bridge [PCI0] (domain 0000 [bus 00-ff])
[   13.500948] acpi PNP0A03:00: _OSC: OS supports [ASPM ClockPM Segments MSI]
[   13.572839] acpi PNP0A03:00: _OSC: not requesting OS control; OS requires [ExtendedConfig ASPM ClockPM MSI]
[   13.616480] acpi PNP0A03:00: fail to add MMCONFIG information, can't access extended PCI configuration space under this bridge.
[   13.686848] PCI host bridge to bus 0000:00
[   13.718928] pci_bus 0000:00: root bus resource [io  0x0000-0x0cf7 window]
[   13.749461] pci_bus 0000:00: root bus resource [io  0x0d00-0xffff window]
[   13.764281] pci_bus 0000:00: root bus resource [mem 0x000a0000-0x000bffff window]
[   13.790090] pci_bus 0000:00: root bus resource [mem 0x40000000-0xfdffffff window]
[   13.870621] pci_bus 0000:00: root bus resource [bus 00-ff]
[   13.926184] pci 0000:00:01.1: legacy IDE quirk: reg 0x10: [io  0x01f0-0x01f7]
[   13.979045] pci 0000:00:01.1: legacy IDE quirk: reg 0x14: [io  0x03f6]
[   13.980637] pci 0000:00:01.1: legacy IDE quirk: reg 0x18: [io  0x0170-0x0177]
[   14.036498] pci 0000:00:01.1: legacy IDE quirk: reg 0x1c: [io  0x0376]
[   14.084622] pci 0000:00:07.0: quirk: [io  0x4000-0x403f] claimed by PIIX4 ACPI
[   14.171117] pci 0000:00:07.0: quirk: [io  0x4100-0x410f] claimed by PIIX4 SMB
[   14.258153] ACPI: PCI Interrupt Link [LNKA] (IRQs 5 9 10 *11)
[   14.319787] ACPI: PCI Interrupt Link [LNKB] (IRQs 5 9 *10 11)
[   14.359064] ACPI: PCI Interrupt Link [LNKC] (IRQs 5 *9 10 11)
[   14.375808] ACPI: PCI Interrupt Link [LNKD] (IRQs 5 9 10 *11)
[   14.447191] ACPI: Enabled 2 GPEs in block 00 to 07
[   14.482104] vgaarb: setting as boot device: PCI:0000:00:02.0
[   14.527882] vgaarb: device added: PCI:0000:00:02.0,decodes=io+mem,owns=io+mem,locks=none
[   14.585212] vgaarb: loaded
[   14.586037] vgaarb: bridge control possible 0000:00:02.0
[   14.628370] SCSI subsystem initialized
[   14.649539] ACPI: bus type USB registered
[   14.678763] usbcore: registered new interface driver usbfs
[   14.722520] usbcore: registered new interface driver hub
[   14.743989] usbcore: registered new device driver usb
[   14.797732] PCI: Using ACPI for IRQ routing
[   14.834135] NetLabel: Initializing
[   14.856354] NetLabel:  domain hash size = 128
[   14.867987] NetLabel:  protocols = UNLABELED CIPSOv4
[   14.869380] NetLabel:  unlabeled traffic allowed by default
[   14.885689] amd_nb: Cannot enumerate AMD northbridges
[   14.916118] clocksource: Switched to clocksource kvm-clock
[   14.9842Aprm: ppmoFisystem Enabled
[   15.402476] pnp: PnP ACPI int  5.89] np: nP CPI: fun3 vis
[   16.017290] clocksource: acpi_pm: mask: 0xffffff max_cycles: 0xffffff, max_idle_ns: 2085701024 ns
[   16.050601] NET: Registered protocol family 2
[   16.066489] TCP established hash table entries: 8192 (order: 4, 65536 bytes)
[   16.112198] TCP bind hash table entries: 8192 (order: 5, 131072 bytes)
[   16.168925] TCP: Hash tables configured (established 8192 bind 8192)
[   16.180788] UDP hash table entries: 512 (order: 2, 16384 bytes)
[   16.190679] UDP-Lite hash table entries: 512 (order: 2, 16384 bytes)
[   16.228513] NET: Registered protocol family 1
[   16.252876] pci 0000:00:00.0: Limiting direct PCI/PCI transfers
[   16.279340] pci 0000:00:01.0: Activating ISA DMA hang workarounds
[   16.295263] Unpacking initramfs...
[   18.565166] Freeing initrd memory: 10792K
[   18.605475] RAPL PMU detected, API unit is 2^-32 Joules, 4 fixed counters 10737418240 ms ovfl timer
[   18.722708] hw unit of domain pp0-core 2^-0 Joules
[   18.747263] hw unit of domain package 2^-0 Joules
[   18.784590] hw unit of domain dram 2^-0 Joules
[   18.836848] hw unit of domain pp1-gpu 2^-0 Joules
[   188706pltfm c_os risreplfo R device (no PNP device found)
[  19.557310] Scanning for low memory corruption every 60 seconds

[   19.599798] audit: initializing netlink subsys (disabled)
[   19.619957] audit: type=2000 audit(1517242673.102:1): initialized
[   19.630325] Initialise system trusted keyring
[   19.639730] HugeTLB registered 2 MB page size, pre-allocated 0 pages
[   19.660919] zbud: loaded
[   19.665088] VFS: Disk quotas dquot_6.6.0
[   19.670248] VFS: Dquot-cache hash table entries: 512 (order 0, 4096 bytes)
[   19.693866] squashfs: version 4.0 (2009/01/31) Phillip Lougher
[   19.714915] fuse init (API version 7.23)
[   19.721895] Key type big_key registered
[   19.738636] Allcating MAOKndlali kyrgs.
[ 20649]scReneTSclksrccalibration: 1600.602 MHz

[   20.756714] clocksource: tsc: mask: 0xffffffffffffffff max_cycles: 0x17125db7d46, max_idle_ns: 440795266830 ns
[   20.757080] Key type asymmetric registered
[   20.757087] Asymmetric key parser 'x509' registered
[   20.757151] Block layer SCSI generic (bsg) driver version 0.4 loaded (major 249)
[   20.757216] io scheduler noop registered
[   20.757218] io scheduler deadline registered (default)
[   20.757260] io scheduler cfq registered
[   20.757391] pci_hotplug: PCI Hot Plug PCI Core version: 0.5
[   20.757399] pciehp: PCI Express Hot Plug Controller Driver version: 0.4
[   20.757836] ACPI: AC Adapter [AC] (off-line)
[   20.757921] input: Power Button as /devices/LNXSYSTM:00/LNXPWRBN:00/input/input0
[   20.757924] ACPI: Power Button [PWRF]
[   20.758040] input: Sleep Button as /devices/LNXSYSTM:00/LNXSLPBN:00/input/input1
[   20.758042] ACPI: Sleep Button [SLPF]
[   20.758266] GHES: HEST is not enabled!
[   20.758385] Serial: 8250/16550 driver, 32 ports, IRQ sharing enabled
[   20.789098] 00:02: ttyS0 at I/O 0x3f8 (irq = 4, base_baud = 115200) is a 16550A
[   20.794294] Linux agpgart interface v0.103
[   20.802322] loop: module loaded
[   20.803356] scsi host0: ata_piix
[   20.803453] scsi host1: ata_piix
[   20.803503] ata1: PATA max UDMA/33 cmd 0x1f0 ctl 0x3f6 bmdma 0xd000 irq 14
[   20.803504] ata2: PATA max UDMA/33 cmd 0x170 ctl 0x376 bmdma 0xd008 irq 15
[   20.803618] libphy: Fixed MDIO Bus: probed
[   20.803621] tun: Universal TUN/TAP device driver, 1.6
[   20.803621] tun: (C) 1999-2004 Max Krasnyansky <maxk@qualcomm.com>
[   20.803689] PPP generic driver version 2.4.2
[   20.803761] ehci_hcd: USB 2.0 'Enhanced' Host Controller (EHCI) Driver
[   20.803767] ehci-pci: EHCI PCI platform driver
[   20.803792] ehci-platform: EHCI generic platform driver
[   20.803857] ohci_hcd: USB 1.1 'Open' Host Controller (OHCI) Driver
[   20.803864] ohci-pci: OHCI PCI platform driver
[   20.803881] ohci-platform: OHCI generic platform driver
[   20.803892] uhci_hcd: USB Universal Host Controller Interface driver
[   20.803974] i8042: PNP: PS/2 Controller [PNP0303:PS2K,PNP0f03:PS2M] at 0x60,0x64 irq 1,12
[   20.806111] ACPI: Battery Slot [BAT0] (battery present)
[   20.810836] serio: i8042 KBD port at 0x60,0x64 irq 1
[   20.810844] serio: i8042 AUX port at 0x60,0x64 irq 12
[   20.811098] mousedev: PS/2 mouse device common for all mice
[   20.811646] rtc_cmos rtc_cmos: rtc core: registered rtc_cmos as rtc0
[   20.811737] rtc_cmos rtc_cmos: alarms up to one day, 114 bytes nvram
[   20.811752] i2c /dev entries driver
[   20.811855] device-mapper: uevent: version 1.0.3
[   20.811948] device-mapper: ioctl: 4.34.0-ioctl (2015-10-28) initialised: dm-devel@redhat.com
[   20.811972] ledtrig-cpu: registered to indicate activity on CPUs
[   20.812464] NET: Registered protocol family 10
[   20.812695] NET: Registered protocol family 17
[   20.812709] Key type dns_resolver registered
[   20.815647] microcode: CPU0 sig=0x306d4, pf=0x40, revision=0x0
[   20.815665] microcode: CPU1 sig=0x306d4, pf=0x40, revision=0x0
[   20.815777] microcode: Microcode Update Driver: v2.01 <tigran@aivazian.fsnet.co.uk>, Peter Oruba
[   20.815974] registered taskstats version 1
[   20.815991] Loading compiled-in X.509 certificates
[   20.817100] Loaded X.509 cert 'Build time autogenerated kernel key: 4c603087bab8f0a02cb3b4e1fb4c40f507e71ef1'
[   20.817141] zswap: loaded using pool lzo/zbud
[   20.820506] Key type trusted registered
[   20.826169] Key type encrypted registered
[   20.826180] AppArmor: AppArmor sha1 policy hashing enabled
[   20.826186] ima: No TPM chip found, activating TPM-bypass!
[   20.826217] evm: HMAC attrs: 0x1
[   20.826844]   Magic number: 2:565:288
[   20.826871] tty tty21: hash matches
[   20.826882] acpi PNP0400:01: hash matches
[   20.829548] rtc_cmos rtc_cmos: setting system clock to 2018-01-29 16:18:04 UTC (1517242684)
[   20.829705] BIOS EDD facility v0.16 2004-Jun-25, 0 devices found
[   20.829706] EDD information not available.
[   21.062213] input: AT Translated Set 2 keyboard as /devices/platform/i8042/serio0/input/input2
[   22.986482] Freeing unused kernel memory: 1508K
[   23.002451] Write protecting the kernel read-only data: 14336k
[   23.026361] Freeing unused kernel memory: 1728K
[   23.042254] Freeing unused kernel memory: 108K
Loading, please wait...
starting version[   23.080265] random: systemd-udevd: uninitialized urandom read (16 bytes read, 5 bits of entropy available)
 229
[   23.081078] random: udevadm: uninitialized urandom read (16 bytes read, 5 bits of entropy available)
[   23.081104] random: udevadm: uninitialized urandom read (16 bytes read, 5 bits of entropy available)
[   23.099110] random: udevadm: uninitialized urandom read (16 bytes read, 5 bits of entropy available)
[   23.099219] random: udevadm: uninitialized urandom read (16 bytes read, 5 bits of entropy available)
[   23.099426] random: udevadm: uninitialized urandom read (16 bytes read, 5 bits of entropy available)
[   23.099500] random: udevadm: uninitialized urandom read (16 bytes read, 5 bits of entropy available)
[   23.099576] random: udevadm: uninitialized urandom read (16 bytes read, 5 bits of entropy available)
[   23.099650] random: udevadm: uninitialized urandom read (16 bytes read, 5 bits of entropy available)
[   23.099719] random: udevadm: uninitialized urandom read (16 bytes read, 5 bits of entropy available)
[   23.989620] e1000: Intel(R) PRO/1000 Network Driver - version 7.3.21-k8-NAPI
[   23.999547] e1000: Copyright (c) 1999-2006 Intel Corporation.
[   24.015154] Fusion MPT base driver 3.04.20
[   24.024161] Copyright (c) 1999-2008 LSI Corporation
[   24.031708] Fusion MPT SPI Host driver 3.04.20
[   24.052107] AVX2 version of gcm_enc/dec engaged.
[   24.063213] AES CTR mode by8 optimization enabled
[   24.225723] input: ImExPS/2 Generic Explorer Mouse as /devices/platform/i8042/serio1/input/input4
[   24.426445] e1000 0000:00:03.0 eth0: (PCI:33MHz:32-bit) 02:db:14:78:b4:e6
[   24.533233] e1000 0000:00:03.0 eth0: Intel(R) PRO/1000 Network Connection
[   24.988671] e1000 0000:00:08.0 eth1: (PCI:33MHz:32-bit) 08:00:27:cd:10:38
[   25.090609] e1000 0000:00:08.0 eth1: Intel(R) PRO/1000 Network Connection
[   25.129423] mptbase: ioc0: Initiating bringup
[   25.130094] e1000 0000:00:08.0 enp0s8: renamed from eth1
[   25.237171] e1000 0000:00:03.0 enp0s3: renamed from eth0
[   25.343581] ioc0: LSI53C1030 A0: Capabilities={Initiator}
[   26.150574] scsi host2: ioc0: LSI53C1030 A0, FwRev=00000000h, Ports=1, MaxQ=256, IRQ=20
[   27.039735] floppy0: no floppy controllers found
[   27.039784] work still pending
[   27.273716] scsi 2:0:0:0: Direct-Access     VBOX     HARDDISK         1.0  PQ: 0 ANSI: 5
[   27.386260] scsi target2:0:0: Beginning Domain Validation
[   27.453959] scsi target2:0:0: Domain Validation skipping write tests
[   27.512046] scsi target2:0:0: Ending Domain Validation
[   27.523135] scsi target2:0:0: asynchronous
[   27.536792] scsi 2:0:1:0: Direct-Access     VBOX     HARDDISK         1.0  PQ: 0 ANSI: 5
[   27.559827] scsi target2:0:1: Beginning Domain Validation
[   27.574279] scsi target2:0:1: Domain Validation skipping write tests
[   27.580977] scsi target2:0:1: Ending Domain Validation
[   27.617482] scsi target2:0:1: asynchronous
[   27.706258] sd 2:0:0:0: [sda] 20971520 512-byte logical blocks: (10.7 GB/10.0 GiB)
[   27.774528] sd 2:0:0:0: Attached scsi generic sg0 type 0
[   27.776829] sd 2:0:0:0: [sda] Write Protect is off
[   27.777016] sd 2:0:1:0: Attached scsi generic sg1 type 0
[   27.861094] sd 2:0:1:0: [sdb] 20480 512-byte logical blocks: (10.5 MB/10.0 MiB)
[   27.861293] sd 2:0:0:0: [sda] Incomplete mode parameter data
[   27.861295] sd 2:0:0:0: [sda] Assuming drive cache: write through
[   27.916634] sd 2:0:1:0: [sdb] Write Protect is off
[   27.918562]  sda: sda1
[   27.933213] sd 2:0:0:0: [sda] Attached SCSI disk
[   27.952592] sd 2:0:1:0: [sdb] Incomplete mode parameter data
[   27.979419] sd 2:0:1:0: [sdb] Assuming drive cache: write through
[   27.987525] sd 2:0:1:0: [sdb] Attached SCSI disk
Begin: Loading e[   29.417115] md: linear personality registered for level -1
ssential drivers ... [   29.492802] md: multipath personality registered for level -4
[   29.552385] md: raid0 personality registered for level 0
[   29.636769] md: raid1 personality registered for level 1
[   29.752250] raid6: sse2x1   gen()  7106 MB/s
[   29.830440] raid6: sse2x1   xor()  3852 MB/s
[   29.900190] raid6: sse2x2   gen() 10182 MB/s
[   29.996796] raid6: sse2x2   xor()  6616 MB/s
[   30.103496] raid6: sse2x4   gen() 11377 MB/s
[   30.228684] raid6: sse2x4   xor()  7614 MB/s
[   30.312219] raid6: avx2x1   gen() 15061 MB/s
[   30.391091] raid6: avx2x2   gen() 16571 MB/s
[   30.520463] raid6: avx2x4   gen() 20435 MB/s
[   30.573653] raid6: using algorithm avx2x4 gen() 20435 MB/s
[   30.589478] raid6: using avx2x2 recovery algorithm
[   30.592413] xor: automatically using best checksumming function:
[   30.668239]    avx       : 16863.000 MB/sec
[   30.691229] async_tx: api initialized (async)
[   30.762787] md: raid6 personality registered for level 6
[   30.809276] md: raid5 personality registered for level 5
[   30.810707] md: raid4 personality registered for level 4
[   30.830984] md: raid10 personality registered for level 10
done.
Begin: Running /scripts/init-premount ... done.
Begin: Mounting root file system ... Begin: Running /scripts/local-top ... done.
Begin: Running /scripts[   30.883521] Btrfs loaded
/local-premount ... Scanning for Btrfs filesystems
done.
Warning: fsck not present, so sk[   30.968075] EXT4-fs (sda1): mounted filesystem with ordered data mode. Opts: (null)
ipping root file system
done.
Begin: Running /scripts/local-bottom ... done.
Begin: Running /scripts/init-bottom ... done.
[   31.237104] systemd[1]: systemd 229 running in system mode. (+PAM +AUDIT +SELINUX +IMA +APPARMOR +SMACK +SYSVINIT +UTMP +LIBCRYPTSETUP +GCRYPT +GNUTLS +ACL +XZ -LZ4 +SECCOMP +BLKID +ELFUTILS +KMOD -IDN)
[   31.304770] systemd[1]: Detected virtualization oracle.
[   31.318062] systemd[1]: Detected architecture x86-64.

Welcome to [1mUbuntu 16.04.3 LTS[0m!

[ 31354105] systemd[1]: Set hotne o buu>

[   31.702378] systemd[1]: Initializing machine ID from random generator.
[   31.709725] systemd[1]: Installed transient /etc/machine-id file.
[   31.914330] systemd[1]: Listening on Journal Socket (/dev/log).
[[0;32m  OK  [0m] Listening on Journal Socket (/dev/log).
[   31.949634] systemd[1]: Started Trigger resolvconf update for networkd DNS.
[[0;32m  OK  [0m] Started Trigger resolvconf update for networkd DNS.
[   31.993406] systemd[1]: Listening on udev Control Socket.
[[0;32m  OK  [0m] Listening on udev Control Socket.
[   31.996908] systemd[1]: Listening on udev Kernel Socket.
[[0;32m  OK  [0m] Listening on udev Kernel Socket.
[   32.001498] systemd[1]: Listening on Journal Socket.
[[0;32m  OK  [0m] Listening on Journal Socket.
[   32.005243] systemd[1]: Listening on LVM2 poll daemon socket.
[[0;32m  OK  [0m] Listening on LVM2 poll daemon socket.
[   32.033735] systemd[1]: Reached target Encrypted Volumes.
[[   32.042807] random: nonblocking pool is initialized
[0;32m  OK  [0m] Reached target Encrypted Volumes.
[   32.062756] systemd[1]: Listening on /dev/initctl Compatibility Named Pipe.
[[0;32m  OK  [0m] Listening on /dev/initctl Compatibility Named Pipe.
[  32.188] std[: t  aomntrbray EecutaleilFoatFi Stem Automount Point.
[[0;32m  OK  [0m] Set up automount Arbitrary Executab...ats File System Automount Point.
[   3.292 ste[1: stinonysg Socet.
[[0;32m  OK  [0m] Listening on Syslog Socket.
[  38470] systed[: ead icSytem Sice.

[[0;32m  OK  [0m] Created slice System Slice.
[   34.377008] systemd[1]: Starting Uncomplicated firewall...
         Starting Uncomplicated firewall...
[   34.473096] systemd[1]: Mounting POSIX Message Queue File System...
         Mounting POSIX Message Queue File System...
[   34.577206] systemd[1]: Starting Set console keymap...
         Starting Set console keymap...
[   34.672760] systemd[1]: Starting Create list of required static device nodes for the current kernel...
         Starting Create list of required st... nodes for the current kernel...
[   34.736759] systemd[1]: Starting Nameserver information manager...
         Starting Nameserver information manager...
[   34.830415] systemd[1]: Created slice system-serial\x2dgetty.slice.
[[0;32m  OK  [0m] Created slice system-serial\x2dgetty.slice.
[   35.048978] systemd[1]: Mounting Debug File System...
         Mounting Debug File System...
[   35.101374] systemd[1]: Listening on Device-mapper event daemon FIFOs.
[[0;32m  OK  [0m] Listening on Device-mapper event daemon FIFOs.
[   35.300971] systemd[1]: Starting Load Kernel Modules...
         Startin[   35.316051] Loading iSCSI transport class v2.0-870.
g Load Kernel Modules...
[   35.376581] systemd[1]: Listening on LVM2 metadata daemon socket.
[   5.60] cs risered transport (tcp)
[[0;32m  OK  [0m] Listening on LVM2 metadata daemon socket.
[   35.819377] iscsi: registered transport (iser)
[   35.844863] systemd[1]: Starting Monitoring of LVM2 mirrors, snapshots etc. using dmeventd or progress polling...
         Starting Monitoring of LVM2 mirrors... dmeventd or progress polling...
[   36.035519] systemd[1]: Listening on Journal Audit Socket.
[[0;32m  OK  [0m] Listening on Journal Audit Socket.
[   36.168832] systemd[1]: Starting Journal Service...
         Starting Journal Service...
[   36.253153] systemd[1]: Reached target User and Group Name Lookups.
[[0;32m  OK  [0m] Reached target User and Group Name Lookups.
[   36.426097] systemd[1]: Started Forward Password Requests to Wall Directory Watch.
[[0;32m  OK  [0m] Started Forward Password Requests to Wall Directory Watch.
[   36.496708] systemd[1]: Starting Remount Root and Kernel File Systems...
[   36.501041] EXT4-fs (sda1): re-mounted. Opts: (null)
         Starting Remount Root and Kernel File Systems...
[   36.550186] systemd[1]: Mounting Huge Pages File System...
         Mounting Huge Pages File System...
[   36.588581] systemd[1]: Reached target Swap.
[[0;32m  OK  [0m] Reached target Swap.
[   36.698331] systemd[1]: Created slice User and Session Slice.
[[0;32m  OK  [0m] Created slice User and Session Slice.
[   36.706613] systemd[1]: Reached target Slices.
[[0;32m  OK  [0m] Reached target Slices.
[   36.762735] systemd[1]: Mounted POSIX Message Queue File System.
[[0;32m  OK  [0m] Mounted POSIX Message Queue File System.
[   36.945480] systmd]:ounted Debug File System.
[[0;32m  OK  [0m] Mounted Debug File System.
[ 372153syemd[1]: Mounted Huge Pages File System.
[[0;32m  OK  [0m] Mounted Huge Pages File System.
[   37.54074] stmd[1]: tated Journal Sevi.
[[0;32m  OK  [0m] Started Journal Service.
[[0;32m  OK  [0m] Started Uncomplicated firewall.
[[0;32m  OK  [0m] Started Set console keymap.
[[0;32m  OK  [0m] Started Create list of required sta...ce nodes for the current kernel.
[[0;32m  OK  [0m] Started Load Kernel Modules.
[[0;32m  OK  [0m] Started Remount Root and Kernel File Systems.
[[0;32m  OK  [0m] Started Nameserver information manager.
[[0;32m  OK  [0m] Started LVM2 metadata daemon.
         Starting udev Coldplug all Devices...
         Starting Initial cloud-init job (pre-networking)...
         Starting Load/Save Random Seed...
         Mounting FUSE Control File System...
         Starting Apply Kernel Variables...
         Starting Create Static Device Nodes in /dev...
         Starting Flush Journal to Persistent Storage...
[[0;32m  OK  [0m] Mounted FUSE Control File System.
[[0;32m  OK  [0m] Started Monitoring of LVM2 mirrors,...ng dmeventd or progress polling.
[[0;32m  OK  [0m] Started Load/Save Random Seed.
[[0;32m  OK  [0m] Started Apply Kernel Variables.
[[0;32m  OK  [0m] Started Create Static Device Nodes in /dev.
[[0;32m  OK  [0m] Started udev Coldplug all Devices.
[[0;32m  OK  [0m] Started Flush Journal to Persistent Storage.
         Starting udev Kernel Device Manager...
[[0;32m  OK  [0m] Started udev Kernel Device Manager.
[[0;32m  OK  [0m] Reached target Local File Systems (Pre).
[[0;32m  OK  [0m] Reached target Local File Systems.
         Starting LSB: AppArmor initialization...
         Starting Set console font and keymap...
         Starting Tell Plymouth To Write Out Runtime Data...
         Starting Commit a transient machine-id on disk...
         Starting Create Volatile Files and Directories...
[[0;32m  OK  [0m] Started Dispatch Password Requests to Console Directory Watch.
[[0;32m  OK  [0m] Started Tell Plymouth To Write Out Runtime Data.
[[0;32m  OK  [0m] Started Commit a transient machine-id on disk.
[[0;32m  OK  [0m] Started Create Volatile Files and Directories.
[[0;32m  OK  [0m] Found device /dev/ttyS0.
[[0;32m  OK  [0m] Reached target System Time Synchronized.
         Starting Update UTMP about System Boot/Shutdown...
[[0;32m  OK  [0m] Started Update UTMP about System Boot/Shutdown.
[[0;32m  OK  [0m] Listening on Load/Save RF Kill Switch Status /dev/rfkill Watch.
[   26.135091] cloud-init[454]: Cloud-init v. 17.1 running 'init-local' at Mon, 29 Jan 2018 16:18:23 +0000. Up 25.44 seconds.
[[0;32m  OK  [0m] Started LSB: AppArmor initialization.
[[0;1;31mFAILED[0m] Failed to start Set console font and keymap.
See 'systemctl status console-setup.service' for details.
[[0;32m  OK  [0m] Started Initial cloud-init job (pre-networking).
[[0;32m  OK  [0m] Reached target Network (Pre).
[[0;32m  OK  [0m] Created slice system-getty.slice.
         Starting Raise network interfaces...
[[0;32m  OK  [0m] Started Raise network interfaces.
[[0;32m  OK  [0m] Reached target Network.
         Starting Initial cloud-init job (metadata service crawler)...
[   30.521236] cloud-init[929]: Cloud-init v. 17.1 running 'init' at Mon, 29 Jan 2018 16:18:26 +0000. Up 28.82 seconds.
[   30.535366] cloud-init[929]: ci-info: ++++++++++++++++++++++++++++++++++++++Net device info++++++++++++++++++++++++++++++++++++++
[   30.557542] cloud-init[929]: ci-info: +--------+-------+----------------------------+---------------+-------+-------------------+
[   30.573345] cloud-init[929]: ci-info: | Device |   Up  |          Address           |      Mask     | Scope |     Hw-Address    |
[   30.594665] cloud-init[929]: ci-info: +--------+-------+----------------------------+---------------+-------+-------------------+
[   30.624678] cloud-init[929]: ci-info: | enp0s3 |  True |         10.0.2.15          | 255.255.255.0 |   .   | 02:db:14:78:b4:e6 |
[   30.625148] cloud-init[929]: ci-info: | enp0s3 |  True | fe80::db:14ff:fe78:b4e6/64 |       .       |  link | 02:db:14:78:b4:e6 |
[[0;32m  OK  [0m] Started Initial cloud-init job (metadata service crawler).
[   30.625858] cloud-init[929]: ci-info: | enp0s8 | False |             .              |       .       |   .   | 08:00:27:cd:10:38 |
[   30.735555] cloud-init[929]: ci-info: |   lo   |  True |         127.0.0.1          |   255.0.0.0   |   .   |         .         |
[   30.771348] cloud-init[929]: ci-info: |   lo   |  True |          ::1/128           |       .       |  host |         .         |
[   30.771836] cloud-init[929]: ci-info: +--------+-------+----------------------------+---------------+-------+-------------------+
[[0;32m  OK  [0m] Reached target Cloud-config availability.
[[0;32m  OK  [0m] [   30.772382] cloud-init[929]: ci-info: +++++++++++++++++++++++++++Route IPv4 info++++++++++++++++++++++++++++
[   30.830722] cloud-init[929]: ci-info: +-------+-------------+----------+---------------+-----------+-------+
[   30.831721] cloud-init[929]: ci-info: | Route | Destination | Gateway  |    Genmask    | Interface | Flags |
Reached target System Initialization.
[   30.832746] cloud-init[929]: ci-info: +-------+-------------+----------+---------------+-----------+-------+
[   30.921931] cloud-init[929]: ci-info: |   0   |   0.0.0.0   | 10.0.2.2 |    0.0.0.0    |   enp0s3  |   UG  |
[   30.922242] cloud-init[929]: ci-info: |   1   |   10.0.2.0  | 0.0.0.0  | 255.255.255.0 |   enp0s3  |   U   |
[   30.923222] cloud-init[929]: ci-info: +-------+-------------+----------+---------------+-----------+-------+
[[0;32m  OK  [0m] Started Timer to automatically refresh installed snaps.
[   30.925179] cloud-init[929]: Generating public/private rsa key pair.
[   30.996744] cloud-init[929]: Your identification has been saved in /etc/ssh/ssh_host_rsa_key.
[   30.997273] cloud-init[929]: Your public key has been saved in /etc/ssh/ssh_host_rsa_key.pub.
[[0;32m  OK  [0m] Started Daily Cleanup of Temporary Directories.
[   30.998639] cloud-init[929]: The key fingerprint is:
[[   31.063886] cloud-init[929]: SHA256:nLdFOiP/e/ebmE2SW6879S7tywfbtRivQUuL9WlkpdQ root@ubuntu-xenial
[   31.064695] cloud-init[929]: The key's randomart image is:
[0;32m  OK  [0m] Started ACPI Events Check.
[   31.064912] cloud-init[929]: +---[RSA 2048]----+
[   31.162469] cloud-init[929]: |                 |
[[0;32m  OK  [0m] Reached target Paths.
         Starting Socket activation for snappy daemon.
[[0;32m  OK  [0m] Listening on UUID daemon activation socket.
[   31.162713] cloud-init[929]: |               . |
[   31.384864] cloud-init[929]: |            . . E|
[   31.385353] cloud-init[929]: |       . . o . ..|
         Starting LXD - unix socket.
[[   31.385553] cloud-init[929]: |        S = .+.o |
[   31.505166] cloud-init[929]: |         + ==.O +|
[0;32m  OK  [0m] Listening on ACPID Listen Socket.
[   31.505444] cloud-init[929]: |          o. *+%+|
[   31.557009] cloud-init[929]: |           . .^oO|
[[0;32m  OK  [0m] Listening on D-Bus System Message Bus Socket.
[   31.557272] cloud-init[929]: |            oB+#X|
[   31.625452] cloud-init[929]: +----[SHA256]-----+
[[0;32m  OK  [0m] Reached target Network is Online.
[   31.625613] cloud-init[929]: Generating public/private dsa key pair.
[   31.676718] cloud-init[929]: Your identification has been saved in /etc/ssh/ssh_host_dsa_key.
[   31.677380] cloud-init[929]: Your public key has been saved in /etc/ssh/ssh_host_dsa_key.pub.
         Starting iSCSI initiator daemon (iscsid)...
[   31.677737] cloud-init[929]: The key fingerprint is:
[   31.852148] cloud-init[929]: SHA256:vACOEAhqJx1nzwusAtAMEp07QXRZTA/w0fTBPMLlGM4 root@ubuntu-xenial
[[0;32m  OK  [0m] Started Daily apt download activities.
[   31.852378] cloud-init[929]: The key's randomart image is:
[   31.871440] cloud-init[929]: +---[DSA 1024]----+
[[0;32m  OK  [0m] Started Daily apt upgrade and clean activities.
[   31.871651] cloud-init[929]: |XOoooO=+o+o      |
[   31.954548] cloud-init[929]: |=.B.*.+*+=+.     |
[[0;32m  OK  [0m] Reached target Timers.
[   31.954827] cloud-init[929]: |+o =.o.oE.o.     |
[   31.979163] cloud-init[929]: |o.=o.....        |
[[0;32m  OK  [0m] Listening on Socket activation for snappy daemon.
[   31.979364] cloud-init[929]: | ..o. ..S        |
[[0;32m  OK  [0m] Listening on LXD - unix socket.
[   32.101436] cloud-init[929]: |  .    . .       |
[   32.220464] cloud-init[929]: |        .        |
[   32.220930] cloud-init[929]: |                 |
[[0;32m  OK  [0m] Started iSCSI initiator daemon (iscsid).
[   32.221176] cloud-init[929]: |                 |
[   32.284566] cloud-init[929]: +----[SHA256]-----+
[   32.285057] cloud-init[929]: Generating public/private ecdsa key pair.
         Starting Login to default iSCSI targets...
[   32.285297] cloud-init[929]: Your identification has been saved in /etc/ssh/ssh_host_ecdsa_key.
[   32.417167] cloud-init[929]: Your public key has been saved in /etc/ssh/ssh_host_ecdsa_key.pub.
[[0;32m  OK  [0m] Reached target Sockets.
[   32.417357] cloud-init[929]: The key fingerprint is:
[   32.598560] cloud-init[929]: SHA256:LQme9geUU97PlgFIYwNAd6c5O7EjpENWlDtNJzR347I root@ubuntu-xenial
[[0;32m  OK  [0m] Reached target Basic System.
[   32.598769] cloud-init[929]: The key's randomart image is:
[   32.724967] cloud-init[929]: +---[ECDSA 256]---+
[   32.725518] cloud-init[929]: |     .oo==X.+ o  |
[[0;32m  OK  [0m] Started Regular background program processing daemon.
[   32.725746] cloud-init[929]: |       o.*+X.+ . |
[   32.872591] cloud-init[929]: |      + =+*oo o  |
[   32.872870] cloud-init[929]: |     + *o+.= = o |
         Starting System Logging Service...
[   32.873148] cloud-init[929]: |      * S.* E =  |
[   32.987103] cloud-init[929]: |     . o + o .   |
[   32.987613] cloud-init[929]: |        . .      |
         Starting Accounts Service...
[   32.987799] cloud-init[929]: |         .       |
[[   33.096917] cloud-init[929]: |                 |
[   33.097586] cloud-init[929]: +----[SHA256]-----+
[0;32m  OK  [0m] Started D-Bus System Message Bus.
[   33.097838] cloud-init[929]: Generating public/private ed25519 key pair.
[   33.192814]          cloud-initStarting Pollinate to seed the pseudo random number generator...[929]: 
Your identification has been saved in /etc/ssh/ssh_host_ed25519_key.
[   33.193608] cloud-init[929]: Your public key has been saved in /etc/ssh/ssh_host_ed25519_key.pub.
[   33.381670]          cloud-init[929]: Starting LSB: MD monitoring daemon...The key fingerprint is:

[   33.382789] cloud-init[929]: SHA256:NO/t7huPcFiJTR0Mv6BjGZNgrgtvBnFmRHMz8dJhkdo root@ubuntu-xenial
[   33.464679] cloud-init[929]: The key's randomart image is:
         Starting /etc/rc.local Compatibility...
[   33.465681] cloud-init[929]: +--[ED25519 256]--+
[   33.532575] [cloud-init[0;32m  OK  [0m] Started ACPI event daemon.
[929]: |     .+ B.+o.o.  |
[   33.584609]          cloud-initStarting LXD - container startup/shutdown...[929]: 
|     . = B.o o.. |
[   33.586078] cloud-init[929]: |    . + =o* o o  |
[   33.752670] [cloud-init[0;32m  OK  [0m[929]: ] |     = o.+EO o . |Started FUSE filesystem for LXC.

[   33.753356] cloud-init[929]: |    o . S B + .  |
[   33.871034]          Starting Login Service...
cloud-init[929]: |     + . o =     |
[   33.940844]          cloud-initStarting LSB: Record successful boot for GRUB...[929]: 
|      =   + +    |
[   33.964890]          cloud-initStarting Apply the settings specified in cloud-config...[929]: 
|     o     + +   |
[[0;32m  OK  [0m] Started Deferred execution scheduler.
[   34.065532] [cloud-init[0;32m  OK  [0m[929]: ] |           o*..  |Started Unattended Upgrades Shutdown.

[   34.077571] cloud-init[929]: +----[SHA256]-----+
         Starting Snappy daemon...
[[0;32m  OK  [0m] Started System Logging Service.
[[0;32m  OK  [0m] Started Pollinate to seed the pseudo random number generator.
[[0;32m  OK  [0m] Started /etc/rc.local Compatibility.
[[0;32m  OK  [0m] Started LXD - container startup/shutdown.
[[0;32m  OK  [0m] Started Snappy daemon.
[[0;32m  OK  [0m] Started Login to default iSCSI targets.
[[0;32m  OK  [0m] Started LSB: MD monitoring daemon.
[[0;32m  OK  [0m] Started LSB: Record successful boot for GRUB.
         Starting Authenticate and Authorize Users to Run Privileged Tasks...
[[0;32m  OK  [0m] Reached target Remote File Systems (Pre).
[[0;32m  OK  [0m] Reached target Remote File Systems.
         Starting LSB: VirtualBox Linux Additions...
         Starting LSB: Set the CPU Frequency Scaling governor to "ondemand"...
         Starting LSB: daemon to balance interrupts for SMP systems...
         Starting LSB: automatic crash report generation...
         Starting Permit User Sessions...
         Starting OpenBSD Secure Shell server...
[[0;32m  OK  [0m] Started Permit User Sessions.
[[0;32m  OK  [0m] Started OpenBSD Secure Shell server.
[[0;32m  OK  [0m] Started Login Service.
[[0;32m  OK  [0m] Started Authenticate and Authorize Users to Run Privileged Tasks.
[[0;32m  OK  [0m] Started Accounts Service.
[[0;32m  OK  [0m] Started LSB: Set the CPU Frequency Scaling governor to "ondemand".
         Starting Hold until boot process finishes up...
         Starting Terminate Plymouth Boot Screen...
[[0;32m  OK  [0m] Started LSB: daemon to balance interrupts for SMP systems.
[[0;32m  OK  [0m] Started LSB: VirtualBox Linux Additions.
[[0;32m  OK  [0m] Started LSB: automatic crash report generation.
[[0;32m  OK  [0m] Started Hold until boot process finishes up.
[[0;32m  OK  [0m] Started Terminate Plymouth Boot Screen.
[   35.237126] cloud-init[1128]: Generating locales (this might take a while)...
[[0;32m  OK  [0m] Created slice User Slice of vagrant.
         Starting User Manager for UID 1000...
         Starting Set console scheme...
[[0;32m  OK  [0m] Started Getty on tty1.
[[0;32m  OK  [0m] Started Serial Getty on ttyS0.
[[0;32m  OK  [0m] Reached target Login Prompts.
[[0;32m  OK  [0m] Reached target Multi-User System.
[[0;32m  OK  [0m] Reached target Graphical Interface.
         Starting Update UTMP about System Runlevel Changes...
[[0;32m  OK  [0m] Started User Manager for UID 1000.
[[0;32m  OK  [0m] Started Set console scheme.
[[0;32m  OK  [0m] Started Update UTMP about System Runlevel Changes.
[[0;32m  OK  [0m] Started Session 1 of user vagrant.
[   36.463325] cloud-init[1128]:   en_US.UTF-8... done
[   36.488612] cloud-init[1128]: Generation complete.
[   37.041291] cloud-init[1128]: Cloud-init v. 17.1 running 'modules:config' at Mon, 29 Jan 2018 16:18:32 +0000. Up 34.72 seconds.
[[0;32m  OK  [0m] Started Apply the settings specified in cloud-config.
         Starting Execute cloud user/final scripts...
ci-info: no authorized ssh keys fingerprints found for user ubuntu.
         Stopping User Manager for UID 1000...
<14>Jan 29 16:18:35 ec2: 
<14>Jan 29 16:18:35 ec2: #############################################################
<14>Jan 29 16:18:35 ec2: -----BEGIN SSH HOST KEY FINGERPRINTS-----
<14>Jan 29 16:18:35 ec2: 1024 SHA256:vACOEAhqJx1nzwusAtAMEp07QXRZTA/w0fTBPMLlGM4 root@ubuntu-xenial (DSA)
<14>Jan 29 16:18:35 ec2: 256 SHA256:LQme9geUU97PlgFIYwNAd6c5O7EjpENWlDtNJzR347I root@ubuntu-xenial (ECDSA)
<14>Jan 29 16:18:35 ec2: 256 SHA256:NO/t7huPcFiJTR0Mv6BjGZNgrgtvBnFmRHMz8dJhkdo root@ubuntu-xenial (ED25519)
<14>Jan 29 16:18:35 ec2: 2048 SHA256:nLdFOiP/e/ebmE2SW6879S7tywfbtRivQUuL9WlkpdQ root@ubuntu-xenial (RSA)
<14>Jan 29 16:18:35 ec2: -----END SSH HOST KEY FINGERPRINTS-----
<14>Jan 29 16:18:35 ec2: #############################################################
-----BEGIN SSH HOST KEY KEYS-----
ecdsa-sha2-nistp256 AAAAE2VjZHNhLXNoYTItbmlzdHAyNTYAAAAIbmlzdHAyNTYAAABBBMLxzqiS5y5sxAu4HHxfL0mkeQ7kFkmmMT3Zeoj7hQfbI9+ye3sSwZpkOkDl24sLnq1HNv84DkktFj2pM7rwZxc= root@ubuntu-xenial
ssh-ed25519 AAAAC3NzaC1lZDI1NTE5AAAAINi2tmJuQT13dgHJcih84CxLnF5kNLfGupnc2F/Im7oy root@ubuntu-xenial
ssh-rsa AAAAB3NzaC1yc2EAAAADAQABAAABAQCXpDTXMh9nPv0V50IWba6zwQJlEiS9B5xPWbYsBiIYexGUGmYcyx9mwLKFSFGSC2hZUszM5eaAzLbVbPwbHV3UgTJpR9uES+MqHhQjpHYJ8ET3rPt+ep6ZtXlwRBKqAxVwWTt5daqfjg+ReiVJDg3FjTj4I/GO1Mty41YHqwrP/qREUpF9JLx3ofyltTMRL3oXEn5DuIrAvLnzBKkh/AbiIodK8MpFBH3F+nh3DFA9UoosTLHxUY2g3Ymy3s0yhTfQOO1tTfAhn/Z9kXKzaz5DtlkFjbc/tcbwEPC3DLiZdQ1clUOx93j+EDepZcGqmPwSHunV3MBv33HJIkGj37aD root@ubuntu-xenial
-----END SSH HOST KEY KEYS-----
[[0;32m  OK  [0m] Stopped User Manager for UID 1000.
[   38.428152] cloud-init[1424]: Cloud-init v. 17.1 running 'modules:final' at Mon, 29 Jan 2018 16:18:35 +0000. Up 37.60 seconds.
[[0;32m  OK  [0m] Removed slice User Slice of vagrant.
[   38.462973] cloud-init[1424]: ci-info: no authorized ssh keys fingerprints found for user ubuntu.
[   38.542659] [cloud-init[0;32m  OK  [0m[1424]: ] Cloud-init v. 17.1 finished at Mon, 29 Jan 2018 16:18:36 +0000. Datasource DataSourceNoCloud [seed=/dev/sdb][dsmode=net].  Up 38.41 secondsCreated slice User Slice of vagrant.

[[0;32m  OK  [0m] Started Execute cloud user/final scripts.
         Starting User Manager for UID 1000...
[[0;32m  OK  [0m] Reached target Cloud-init target.
[[0;32m  OK  [0m] Started User Manager for UID 1000.

Ubuntu 16.04.3 LTS ubuntu-xenial ttyS0

ubuntu-xenial login: 