[   0.00000Initaling cgrup subsys cpuset
[    0.000000] Initializing cgroup subsys cpu
[    0.000000] Initializing cgroup subsys cpuacct
[    0.000000] Linux version .4.0-112-generic (build@lw01-amd64-010) (gc vsion .40 20160609 (Ubuntu 5.4.0-6ubuntu1~16.04.5) ) #135-Ubuntu SMP Fri Jan 19 11:48:36 UTC 2018 (Ubuntu 4.4.0-112.135-enic 44.)
[    0000] ommand line: BOOT_IMAGE=/boot/vmlinuz-4.4.0-112-generic root=LABEL=cloudimg-rootfs ro console=tty1 console=ttyS0
[    0.000000] KERNEL supported cpus:
[    0.000000]   Intel GenuineIntel
[    0.000000]   AMD AuthenticAMD
[    0.000000]   Centaur CentaurHauls
[   00000 x6/f: xstate_offet[2]: 5, xstate_sizes[2]:  256
[    0.000000] x86/fpu: Supporting XSAVE featurex0: 'x7 oating point registers'
[    0.000000] x86/fpu: Supporting XSAVE feature 0x02: 'SSE registers'
[    0.000000] x86/fpu: Supporting XSAVE ftue 0x04:AV registe'
[  0000000]x8/fp: naled xta features 0x, context sizes 832 btesusin 'tadad'ormat
[   0.000] x6/pu: Using 'lazy' FP ctext wihes.[   0.000] e82 BOS-provid hysicl M map:
  0.0000 BIOSe8: [me 0000000000000x0000000009fbff] usable
  0.000000] BIOS-e820: [mem 0x000000000009fc00-0x000000000009ffff] reserved
[    0.000000] BIOS-e820: [mem 0x00000000000f0000-0x00000000000fffff] reserved
[    0.000000] BIOS-e820: me0x0000000000100000-0x000000003efff]sale
[    0.000000] BIOS-e820: [mem 0x000000003fff0000-0x000000003fffffff] ACPI data
[    0.000000] BIOS-e820: [mem 0x00000000fec00000-0x00000000fec00fff] reserved
[    0.000000] BIOS-e820: [mem 0x00000000fee00000-0x00000000fee00fff] reserved
[    0.000000] BIOS-e820: [mem 0x00000000fffc0000-0x00000000ffffffff] reserved
[    0.000000] NX (Execute Disable) protection: active
[   0.000] SMOS2.5resent.
[    0.000000] Hypervisor detected: KVM
[    0.000000] e820: last_pfn = 0x3fff0 max_arch_pfn = 0x400000000
[    0.000000] MTRR: Disabled
[    0.000000] x86/PAT: MTRRs disabled, skipping PAT initialization too.
[    0.000000] CPU MTRRs all blank - virtualized system.
[    0.000000] x86/PAT: Configuration [0-7]: WB  WT  UC- UC  WB  WT  UC- UC  
[    0.000000] found SMP MP-table at [mem 0x0009fff0-0x0009ffff] mapped at [ffff8800000ff0]    0.000000] Scanning 1 areas for low memory corruption
[    0.000000RADISK:me 0x36adc000-0x37565fff]
[    0.000000] ACPI: Early table checksum verification disabled
[    0.000000] ACPI: RSDP 0x00000000000E0000 000024 (v02 VBOX  )
[    0.000000] ACPI: XSDT 0x000000003FFF0030 00003C (v01 VBOX   VBOXXSDT 00000001 ASL  00000061)
[    0.000000] ACPI: FACP 0x000000003FFF00F0 0000F4 (v04 VBOX   VBOXFACP 00000001 ASL  00000061)
[    0.000000] ACPI: DSDT 0x000000003FFF0470 0021FF (v02 VBOX   VBOXBIOS 00000002 INTL 20100528)
[    0.000000] ACPI: FACS 0x000000003FFF0200 000040
[    0.000000] ACPI: FACS 0x000000003FFF0200 000040
[    0.000000] ACPI: APIC 0x000000003FFF0240 00005C (v02 VBOX   VXAPIC 00000001 ASL  00000061)
[    0.000000] ACPI: SSDT 0x000000003FFF02A0 0001CC (v01 VBOX   VBOXCPUT 00000002 INL 100528)
[  0000000] No NUMA configuration found
[    0.000000] Faking a node at [mem 0x0000000000000000-0x000000003ffeffff]
[    0.000000] NODE_DATA(0) allocated [mem 0x3ffeb000-0x3ffeffff]
[    0.000000] kvm-clock: Using msrs 4b564d01 and 4b564d00
[    0.000000] kvm-clock: cpu 0, msr 0:3ffe3001, primary cpu clock
[    0.000000] kvm-clock: using sched offset of 3178245993 cycles
[    0.000000] clocksource: kvm-clock: mask: 0xffffffffffffffff max_cycles: 0xd42e4fb max_dlns: 885991483 ns
[   0000000] Zoe nges:
[    0.000000]   DMA      [mem 0x0000000000001000-0x0000000000ffff]
[    0.0000] DM32  [mm x0000000100000x000000ffeffff]
[    0.000000]   Normal   empty
[    0.000000]   Device   empty
[    0.000000] Movable zone start for each node
[    0.000000] Early memory node ranges
[    0.000000]   node   0: [mem 0x0000000000001000-0x000000000009efff]
[    0.000000]   node   0: [mem 0x0000000000100000-0x000000003ffeffff]
[    0.000000] Initmem setup node 0 [mem 0x0000000000001000-0x000000003ffeffff]
[    0.000000] ACPI: PM-Timer IO Port: 0x4008
[    0.000000]IOPIC[0: ic_id 2 vsion 32 adressxfc0000 GI 0-3[    0.0000 ACPI: IT_C_OVR (us busir0 globalir 2 dfl dl)
[    0.00000] APIINT_RCVR (b 0bus_rq globl_q 9 l lev)
[    0.000000] Using ACPI (MADT) for SMP configuration fomati
    0.000000] smpboot: Allowing 2 CPU,  hopluCPUs
[  000000PM: Registered nosave memory: [mem 0x00000000x0000fff]
[    0.000000] PM: Registered nosave memory: [mem 0x0009f000-0x0009ffff]
[   .000000] PM:Registerd save memory: [mem 0x000a0000-0x000effff]
[    0.000000] PM: Registered nosave memory: [mem 0x000f0000-0x000fffff]
[    0.000000] e820: [mem 0x40000000-0xfebfffff] availableor PC device
[    0.000000] Booting paravirtualized kernel on KVM
[    0.000000] clocksource: refined-jiffies: mask: 0xffffffff max_cycles: 0xffffffff, max_idle_ns: 7645519600211568 ns
[    0.000000] setup_percpu:NR_CPUS512 nr_cpumsk_it:512 _cp_ids:2 nrod_ids:1
[   .0000 PERCU:mbedde34pages/cp @ff88003fc00000 s99544 r8192 d31528 u1048576
[    0.000000] PV qspinlock hash table entries: 256 (order: 0, 4096 bytes)
[    0.000000] Built 1 zonelists in Ndeorder mility goung on.  Total pages: 257913
[    0.000000] Policy zone: DMA32
[    0.000000] Kernel command line: BOOT_IMAGE=/boot/vmlinuz-4.4.0-112-generic root=LABEL=cloudimg-rootfs ro consoe=y1 console=ttyS0
[    0.000000] PID hash table entries: 4096 (order: 3, 32768 bytes)
[    0.000000] Memory: 1001740K/1048120K available (8499K kernel code, 1309K rwdata, 3988K rodata, 1508K init, 1316K bss, 46380K reserved, 0K cma-reserved)
[    0.000000] SLUB: HWalign=64, Order=0-3, MinObjects=0, CPUs=2, Nodes=1
[    0.000000] Kernel/User page tables isolation: eabd
[  0000000]Hiarchca RCU iplentation
   0.0000 	Build-time adjustment of leaf fanout to 64.
[    0.000000] 	RCU restricting CPUs from NR_CPUS=512 to nr_cpu_ids=2.
[    000000] RCU: Adjsting geometry for rcu_fanout_leaf=64, nr_cpu_ids=2
[    0.000000] NR_IRQS:33024 nr_irqs:440 16
[    0.000000] Console: colour VGA+ 80x25
[    0.000000] console [tty1] nabled
[  0.000] console [ttyS0] enaled
[  0000000] tsc: Detected 1599.999 MHz processor
[    7.364735] Calibrating delay loop (skipped) preset value.. 3199.99 BogoMIPS (lpj=6399996)
[    7.492020] pid_max: default: 32768 minimum: 301
[    7.511538] ACPI: Core revision 20150930
[    7.514011] ACPI: 2 ACPI AML tables successfully acquired and loaded
[    7.562145] Security Framework initialized
[    7.581357] Yama: becoming mindful.
[    7.582453] AppArmor: AppArmor initialized
[    7.591494] Dentry cache hash table entries: 131072 (order: 8, 1048576 bytes)
[    7.595224] Inode-cache hash table entries: 65536 (order: 7, 524288 bytes)
[    7.600503] Mount-cache hash table entries: 2048 (order: 2, 16384 bytes)
[    7.602344] Mountpoint-cache hash table entries: 2048 (order: 2, 16384 bytes)
[    7.604337] Initializing cgroup subsys io
[    7.605505] Initializing cgroup subsys memory
[    7.606785] Initializing cgroup subsys devices
[    7.608200] Initializing cgroup subsys freezer
[    7.612023] Initializing cgroup subsys net_cls
[    7.613272] Initializing cgroup subsys perf_event
[    7.614604] Initializing cgroup subsys net_prio
[    7.615874] Initializing cgroup subsys hugetlb
[    7.617114] Initializing cgroup subsys pids
[    7.618458] CPU: Physical Processor ID: 0
[    7.619690] CPU: Processor Core ID: 0
[    7.620785] FEATURE SPEC_CTRL Not Present
[    7.622999] mce: CPU supports 0 MCE banks
[    7.624212] Last level iTLB entries: 4KB 64, 2MB 8, 4MB 8
[    7.625660] Last level dTLB entries: 4KB 64, 2MB 0, 4MB 0, 1GB 4
[    7.629557] Freeing SMP alternatives memory: 32K
[    7.640144] ftrace: allocating 32180 entries in 126 pages
[    7.692710] smpboot: APIC(0) Converting physical 0 to logical package 0
[    7.800084] smpboot: Max logical packages: 1
[    7.868562] x2apic enabled
[    7.911839] Switched APIC routing to physical x2apic.
[    7.994226] ..TIMER: vector=0x30 apic1=0 pin1=2 apic2=-1 pin2=-1
[    8.186531] smpboot: CPU0: Intel(R) Core(TM) i5-5250U CPU @ 1.60GHz (family: 0x6, model: 0x3d, stepping: 0x4)
[    8.214107] Performance Events: unsupported p6 CPU model 61 no PMU driver, software events only.
[    8.296478] KVM setup paravirtual spinlock
[    8.333162] x86: Booting SMP configuration:
[    8.395376] .... node  #0, CPUs:      #1
[    8.451170] kvm-clock: cpu 1, msr 0:3ffe3041, secondary cpu clock
[    8.454985] mce: CPU supports 0 MCE banks
[    8.457806] x86: Booted up 1 node, 2 CPUs
[    8.488435] smpboot: Total of 2 processors activated (6399.99 BogoMIPS)
[    8.508436] devtmpfs: initialized
[    8.541319] evm: security.selinux
[    8.566281] evm: security.SMACK64
[    8.568514] evm: security.SMACK64EXEC
[    8.572073] evm: security.SMACK64TRANSMUTE
[    8.606557] evm: security.SMACK64MMAP
[    8.647202] evm: security.ima
[    8.648417] evm: security.capability
[    8.650099] clocksource: jiffies: mask: 0xffffffff max_cycles: 0xffffffff, max_idle_ns: 7645041785100000 ns
[    8.746910] futex hash table entries: 512 (order: 3, 32768 bytes)
[    8.821418] pinctrl core: initialized pinctrl subsystem
[    8.872129] RTC time: 14:40:37, date: 01/29/18
[    8.925648] NET: Registered protocol family 16
[    8.991649] cpuidle: using governor ladder
[    9.047675] cpuidle: using governor menu
[    9.097329] PCCT header not found.
[    9.131589] ACPI: bus type PCI registered
[    9.189148] acpiphp: ACPI Hot Plug PCI Controller Driver version: 0.5
[    9.213588] PCI: Using configuration type 1 for base access
[    9.283669] ACPI: Added _OSI(Module Device)
[    9.305014] ACPI: Added _OSI(Processor Device)
[    9.329964] ACPI: Added _OSI(3.0 _SCP Extensions)
[    9.375502] ACPI: Added _OSI(Processor Aggregator Device)
[    9.444242] ACPI: Executed 1 blocks of module-level executable AML code
[    9.534919] ACPI: Interpreter enabled
[    9.571458] ACPI: (supports S0 SS)
[    9.611440] ACPI: Using IOAPIC for interrupt routing
[    9.671723] PCI: Using host bridge windows from ACPI; if necessary, use "pci=nocrs" and report a bug
[    9.774943] ACPI: PCI Root Bridge [PCI0] (domain 0000 [bus 00-ff])
[    9.847277] acpi PNP0A03:00: _OSC: OS supports [ASPM ClockPM Segments MSI]
[    9.922067] acpi PNP0A03:00: _OSC: not requesting OS control; OS requires [ExtendedConfig ASPM ClockPM MSI]
[    9.924500] acpi PNP0A03:00: fail to add MMCONFIG information, can't access extended PCI configuration space under this bridge.
[   10.019132] PCI host bridge to bus 0000:00
[   10.063470] pci_bus 0000:00: root bus resource [io  0x0000-0x0cf7 window]
[   10.131218] pci_bus 0000:00: root bus resource [io  0x0d00-0xffff window]
[   10.206270] pci_bus 0000:00: root bus resource [mem 0x000a0000-0x000bffff window]
[   10.286047] pci_bus 0000:00: root bus resource [mem 0x40000000-0xfdffffff window]
[   10.408188] pci_bus 0000:00: root bus resource [bus 00-ff]
[   10.419784] pci 0000:00:01.1: legacy IDE quirk: reg 0x10: [io  0x01f0-0x01f7]
[   10.451947] pci 0000:00:01.1: legacy IDE quirk: reg 0x14: [io  0x03f6]
[   10.470222] pci 0000:00:01.1: legacy IDE quirk: reg 0x18: [io  0x0170-0x0177]
[   10.487146] pci 0000:00:01.1: legacy IDE quirk: reg 0x1c: [io  0x0376]
[   10.524750] pci 0000:00:07.0: quirk: [io  0x4000-0x403f] claimed by PIIX4 ACPI
[   10.615690] pci 0000:00:07.0: quirk: [io  0x4100-0x410f] claimed by PIIX4 SMB
[   10.643937] ACPI: PCI Interrupt Link [LNKA] (IRQs 5 9 10 *11)
[   10.691982] ACPI: PCI Interrupt Link [LNKB] (IRQs 5 9 *10 11)
[   10.721318] ACPI: PCI Interrupt Link [LNKC] (IRQs 5 *9 10 11)
[   10.745470] ACPI: PCI Interrupt Link [LNKD] (IRQs 5 9 10 *11)
[   10.802561] ACPI: Enabled 2 GPEs in block 00 to 07
[   10.855875] vgaarb: setting as boot device: PCI:0000:00:02.0
[   10.914767] vgaarb: device added: PCI:0000:00:02.0,decodes=io+mem,owns=io+mem,locks=none
[   11.002148] vgaarb: loaded
[   11.025431] vgaarb: bridge control possible 0000:00:02.0
[   11.087211] SCSI subsystem initialized
[   11.134066] ACPI: bus type USB registered
[   11.175024] usbcore: registered new interface driver usbfs
[   11.225457] usbcore: registered new interface driver hub
[   11.270857] usbcore: registered new device driver usb
[   11.324001] PCI: Using ACPI for IRQ routing
[   11.367036] NetLabel: Initializing
[   11.411772] NetLabel:  domain hash size = 128
[   11.458968] NetLabel:  protocols = UNLABELED CIPSOv4
[   11.471930] NetLabel:  unlabeled traffic allowed by default
[   11.510675] amd_nb: Cannot enumerate AMD northbridges
[   11.513360] clocksource: Switched to clocksource kvm-clock
[   .566] pprmor AArr lessm naed[  12014pn P APIni
[  12.9134] p:nPCP fun3 vis
[   13.263122] clocksource: acpi_pm: mask: 0xffffff max_cycles: 0xffffff, max_idle_ns: 2085701024 ns
[   13.442255] NET: Registered protocol family 2
[   13.488806] TCP established hash table entries: 8192 (order: 4, 65536 bytes)
[   13.659604] TCP bind hash table entries: 8192 (order: 5, 131072 bytes)
[   13.740812] TCP: Hash tables configured (established 8192 bind 8192)
[   13.779653] UDP hash table entries: 512 (order: 2, 16384 bytes)
[   13.781290] UDP-Lite hash table entries: 512 (order: 2, 16384 bytes)
[   13.791696] NET: Registered protocol family 1
[   13.792964] pci 0000:00:00.0: Limiting direct PCI/PCI transfers
[   13.805466] pci 0000:00:01.0: Activating ISA DMA hang workarounds
[   13.817318] Unpacking initramfs...
[   15.887241] Freeing initrd memory: 10792K
[   15.949941] RAPL PMU detected, API unit is 2^-32 Joules, 4 fixed counters 10737418240 ms ovfl timer
[   16.000328] hw unit of domain pp0-core 2^-0 Joules
[   16.043295] hw unit of domain package 2^-0 Joules
[   16.082279] hw unit of domain dram 2^-0 Joules
[   16.153909] hw unit of domain pp1-gpu 2^-0 Joules
[   16.982]laorrt_cs:egted atrm RTC devic ( P dicfod)[   171678Scni f l morcouponvery 60 seconds
[   17.822596] tsc: Refined TSC clocksource calibration: 1599.010 MHz
[   17.824211] clocksource: tsc: mask: 0xfffffffffffffff mx_cl: 177d1d m_ilens:4479633 
[   18.536016] audit: initializing netlink subsys (disabled)
[   18.590049] audit: type=2000 audit(1517236840.906:1): initialized
[   18.595622] Initialise system trusted keyring
[   18.597427] HugeTLB registered 2 MB page size, pre-allocated 0 pages
[   18.667734] zbud: loaded
[   1.683] VFSDi qtas dquot_6.6.0
[   18.973635] VFS: Dquot-cache hash table entries: 512 (order 0, 4096 bytes)
[   18.975682] squashfs: eron.0 (2009011)hiliLoher

[   19.456] use init (API version 7.23)
[   19.550567] Key type big_key registered
[   19.579604] Allocating IMA MOK and blacklist keyrings.
[   19.620646] Key type asymmetric registered
[   19.667504] Asymmetric key parser 'x509' registered
[   19.726180] Block layer SCSI generic (bsg) driver version 0.4 loaded (major 249)
[   19.811771] io scheduler noop registered
[   19.854510] io scheduler deadline registered (default)
[   19.898101] io scheduler cfq registered
[   19.934053] pci_hotplug: PCI Hot Plug PCI Core version: 0.5
[   19.952703] pciehp: PCI Express Hot Pllg Controller Driver version: 0.4
[   19.998965] ACPI: AC Adapter [AC] (off-line)
[   20.044228] input: Power Button as /devices/LNXSYSTM:00/LNXPWRBN:00/input/input0
[   20.047397] ACPI: Power Button [PWRF]
[   20.048470] input: Sleep Button as /devices/LNXSYSTM:00/LNXSLPBN:00/input/input1
[   2.168 AI:lep Button [SLPF]

[   20.806] ACPI: Battery Slot [BAT0] (battery present)

[   20.467083] GHES: HEST is not enabled!
[   20.472606] Serial: 8250/16550 driver, 32 pors, IRQshring enbled
[  2674399 00:0: ySat/Ox3 (q 4,asba =150)s 160A
[   2164707]Linu agparinerce0.3
[   22.106925] loop: module loaded
[   22.143399] scsi host0: ata_piix
[   22.182061] scsi host1: ata_piix
[   22.223119] ata1: PATA max UDMA/33 cmd 0x1f0 ctl 0x3f6 bmdma 0xd000 irq 14
[   22.318535 a2:ATmax UDMA/3 d 17ct0x376 bmda d0 i 1

[   23.070549] libhy Fixed DIBus:pred
[  23042tu: UnvealUNAPevce div, 1.6
[  23.89832] tun: (C) 1999-2004 Max Krasnyansky <maxk@qualcomm.com>
[  2.997] P nec iv vsi 2.2
[   24.595833] ehci_hcd: USB 2.0 'Enhanced' Host Controller (EHCI) Driver
[   24.661652] ehci-pci: EHCI PCI platform driver
[   24.703049] ehci-platform: EHCI generic platform driver
[   24.711198] ohci_hcd: USB 1.1 'Open' Host Controller (OHCI) Driver
[   24.790128] ohci-pci: OHCI PCI platform driver
[   24.838340] ohci-platform: OHCI generic platform driver
[   24.890197] hchcd: USB Universal Host Controller Interface driver
[   24.985492] i8042: PNP: PS/2 Controller [PNP0303:PS2K,PNP0f03:PS2M] at 0x60,x6 irq 1,12

[   5.14] ri i42BDor at x60x i 1[   2.711] ri i42UXport at x60x4 q 

[   6.886]mousede: /2ou dic comonorllic
[   27.028487] input: AT Translated Set 2 keyboard as /devices/platform/i8042/serio0/input/input2
[   27.114471] rtc_cmos rtc_cmos: rtc core: registered rtc_cmos as rtc0
[   27.182266] rtc_cmos rtc_cmos: aaarms up to one day, 114 bytes nvram
[   27.234184] i2c /dev entries driver
[   27.2719 dvie-mapper: uevent: version 1.0.3

[   27.421739] device-mapper: ioctl: 4.34.0-ioctl (2015-10-28) initialised: dm-devel@redhat.com
[   27.424087] ledtrig-cpu: registered to indicate activity on CPUs
[   27.426789] NET: Registered protocol family 10
[   27.435596] NET: Registered protocol family 17
[   27.443366] Key type dns_resolver registered
[   27.453028] microcode: CPU0 sig=0x306d4, pf=0x40, revision=0x0
[   27.456861] microcode: CPU1 sig=0x306d4, pf=0x40, revision=0x0
[   27.478271] microcode: Microcode Update Driver: v2.01 <tigran@aivazian.fsnet.co.uk>, Peter Oruba
[   27.503076] registered taskstats version 1
[   27.530271] Loading compiled-in X.509 certificates
[   27.532475] Loaded X.509 cert 'Build time autogenerated kernel key: 4c603087bab8f0a02cb3b4e1fb4c40f507e71ef1'
[   27.545036] zswap: loaded using pool lzo/zbud
[   27.565198] Key type trusted registered
[   27.589449] Key type encrypted registered
[   27.601941] AppArmor: AppArmor sha1 policy hashing enabled
[   27.611394] ima: No TPM chip found, activating TPM-bypass!
[   27.612803] evm: HMAC attrs: 0x1
[   27.614316]   Magic number: 2:765:688
[   27.631070] rtc_cmos rtc_cmos: setting system clock to 2018-01-29 14:40:55 UTC (1517236855)
[   27.633651] BIOS EDD facility v0.16 2004-Jun-25, 0 devices found
[   27.634859] EDD information not available.
[   27.637195] Freeing unused kernel memory: 1508K
[   27.638457] Write protecting the kernel read-only data: 14336k
[   27.640536] Freeing unused kernel memory: 1728K
[   27.642186] Freeing unused kernel memory: 108K
Loading, please [   27.661001] random: systemd-udevd: uninitialized urandom read (16 bytes read, 5 bits of entropy available)
wait...
startin[   27.661797] random: udevadm: uninitialized urandom read (16 bytes read, 5 bits of entropy available)
g version 229
[   27.661828] random: udevadm: uninitialized urandom read (16 bytes read, 5 bits of entropy available)
[   27.674138] random: udevadm: uninitialized urandom read (16 bytes read, 5 bits of entropy available)
[   27.674195] random: udevadm: uninitialized urandom read (16 bytes read, 5 bits of entropy available)
[   27.674388] random: udevadm: uninitialized urandom read (16 bytes read, 5 bits of entropy available)
[   27.674462] random: udevadm: uninitialized urandom read (16 bytes read, 5 bits of entropy available)
[   27.674536] random: udevadm: uninitialized urandom read (16 bytes read, 5 bits of entropy available)
[   27.674612] random: udevadm: uninitialized urandom read (16 bytes read, 5 bits of entropy available)
[   27.674682] random: udevadm: uninitialized urandom read (16 bytes read, 5 bits of entropy available)
[   27.922509] Fusion MPT base driver 3.04.20
[   27.930236] Copyright (c) 1999-2008 LSI Corporation
[   27.945135] e1000: Intel(R) PRO/1000 Network Driver - version 7.3.21-k8-NAPI
[   27.983454] e1000: Copyright (c) 1999-2006 Intel Corporation.
[   28.042614] Fusion MPT SPI Host driver 3.04.20
[   28.053382] AVX2 version of gcm_enc/dec engaged.
[   28.066362] AES CTR mode by8 optimization enabled
[   28.068714] mptbase: ioc0: Initiating bringup
[   28.154162] ioc0: LSI53C1030 A0: [   28.176598] input: ImExPS/2 Generic Explorer Mouse as /devices/platform/i8042/serio1/input/input4

[   28.290375] Capabilities={Initiator}
[   28.513108] scsi host2: ioc0: LSI53C1030 A0, FwRev=00000000h, Ports=1, MaxQ=256, IRQ=20
[   28.662453] scsi 2:0:0:0: Direct-Access     VBOX     HARDDISK         1.0  PQ: 0 ANSI: 5
[   28.703384] scsi target2:0:0: Beginning Domain Validation
[   28.722788] scsi target2:0:0: Domain Validation skipping write tests
[   28.755743] scsi target2:0:0: Ending Domain Validation
[   28.786099] scsi target2:0:0: asynchronous
[   28.801144] scsi 2:0:1:0: Direct-Access     VBOX     HARDDISK         1.0  PQ: 0 ANSI: 5
[   28.804697] scsi target2:0:1: Beginning Domain Validation
[   28.807248] scsi target2:0:1: Domain Validation skipping write tests
[   28.808995] scsi target2:0:1: Ending Domain Validation
[   28.830772] scsi target2:0:1: asynchronous
[   28.846286] sd 2:0:0:0: Attached scsi generic sg0 type 0
[   28.876378] sd 2:0:1:0: Attached scsi generic sg1 type 0
[   28.879292] sd 2:0:0:0: [sda] 20971520 512-byte logical blocks: (10.7 GB/10.0 GiB)
[   28.899757] sd 2:0:1:0: [sdb] 20480 512-byte logical blocks: (10.5 MB/10.0 MiB)
[   28.922239] sd 2:0:1:0: [sdb] Write Protect is off
[   28.937531] sd 2:0:0:0: [sda] Write Protect is off
[   28.939067] sd 2:0:0:0: [sda] Incomplete mode parameter data
[   28.940636] sd 2:0:0:0: [sda] Assuming drive cache: write through
[   28.965617] sd 2:0:1:0: [sdb] Incomplete mode parameter data
[   28.975830] sd 2:0:1:0: [sdb] Assuming drive cache: write through
[   28.980244] sd 2:0:1:0: [sdb] Attached SCSI disk
[   29.029682]  sda: sda1
[   29.031758] sd 2:0:0:0: [sda] Attached SCSI disk
[   29.039107] e1000 0000:00:03.0 eth0: (PCI:33MHz:32-bit) 02:db:14:78:b4:e6
[   29.039112] e1000 0000:00:03.0 eth0: Intel(R) PRO/1000 Network Connection
[   29.411356] e1000 0000:00:08.0 eth1: (PCI:33MHz:32-bit) 08:00:27:21:4e:a1
[   29.488097] e1000 0000:00:08.0 eth1: Intel(R) PRO/1000 Network Connection
[   29.507103] e1000 0000:00:03.0 enp0s3: renamed from eth0
[   29.748472] e1000 0000:00:08.0 enp0s8: renamed from eth1
[   31.073579] floppy0: no floppy controllers found
Begin: Loading essential drivers[   33.320090] md: linear personality registered for level -1
 ... [   33.383143] md: multipath personality registered for level -4
[   33.396067] md: raid0 personality registered for level 0
[   33.454039] md: raid1 personality registered for level 1
[   33.565390] raid6: sse2x1   gen()  7741 MB/s
[   33.677557] raid6: sse2x1   xor()  5762 MB/s
[   33.789439] raid6: sse2x2   gen()  9328 MB/s
[   33.905486] raid6: sse2x2   xor()  6337 MB/s
[   33.981488] raid6: sse2x4   gen()  7522 MB/s
[   34.097516] raid6: sse2x4   xor()  7642 MB/s
[   34.213537] raid6: avx2x1   gen() 15917 MB/s
[   34.329606] raid6: avx2x2   gen() 17518 MB/s
[   34.449388] raid6: avx2x4   gen() 18607 MB/s
[   34.497796] raid6: using algorithm avx2x4 gen() 18607 MB/s
[   34.555162] raid6: using avx2x2 recovery algorithm
[   34.628168] xor: automatically using best checksumming function:
[   34.773633]    avx       : 21666.000 MB/sec
[   34.791309] async_tx: api initialized (async)
[   34.851647] md: raid6 personality registered for level 6
[   34.918181] md: raid5 personality registered for level 5
[   34.950371] md: raid4 personality registered for level 4
[   35.020773] md: raid10 personality registered for level 10
done.
Begin: Running /scripts/init-premount ... done.
Begin: Mounting root file system ... Begin: Running /scripts/local-top ... done.
Begin: Running /scripts/local-premount ... [   35.081065] Btrfs loaded
Scanning for Btrfs filesystems
done.
Warning: fsck no[   35.197084] EXT4-fs (sda1): mounted filesystem with ordered data mode. Opts: (null)
t present, so skipping root file system
done.
Begin: Running /scripts/local-bottom ... done.
Begin: Running /scripts/init-bottom ... done.
[   35.388107] systemd[1]: systemd 229 running in system mode. (+PAM +AUDIT +SELINUX +IMA +APPARMOR +SMACK +SYSVINIT +UTMP +LIBCRYPTSETUP +GCRYPT +GNUTLS +ACL +XZ -LZ4 +SECCOMP +BLKID +ELFUTILS +KMOD -IDN)
[   5.54]] systed[: teedirtuaizatin ace.
[   5.34] std[]:Detectearittu x-6.

Welcome to [1mUbuntu 16.04.3 LTS[0m!

[   6.85] ystemd[1]: Se htnme to <ubuntu>.
[ 36314]ysmd]:nitializing machine ID from random generator.

[   37.287857] systemd[1]: Installed transient /etc/machine-idfile.
[   37.599718] random: nonblocking pool is initialized
[ 37.75941]ysemd[]:isni oSyogSoke.
[[0;32m  OK  [0m] Listening on Syslog Socket.
[ 3837455] systemd[1]: Lstening on LVM2 poll daemon socket.
[[0;32m  OK  [0m] Listening on LVM2 poll daemon socket.
[ 38.853910] systemd[1]: Listening on udev Kernel Socket.
[[0;32m  OK  [0m] Listening on udev Kernel Socket.
[ 387172] systemd[1: ard igr soco udate for networkd DNS

[[0;32m  OK  [0m] Started Trigger resolvconf update for networkd DNS.
[   39.678049] systemd[1]: Reached target Swap.
[[0;32m  OK  [0m] Reached target Swap.
[   39.680679] sysem1]: Reached target User and Group Name Lookups.
[[0;32m  OK  [0m] Reached target User and Group Name Lookups.
[   39.818789] systemd[1]: Listening on Journal Audit Socket.
[[0;32m  OK  [0m] Listening on Journal Audit Socket.
[   39.872755] systemd[1]: Listeing n JournaSoet

[[0;32m  OK  [0m] Listening on Journal Socket.
[ 40436]ysmd]:Crted slceseand Session Slice.
[[0;32m  OK  [0m] Created slice User and Session Slice.
[   40.920206] sstd[: Lstinonoualoct delo.
[[0;32m  OK  [0m] Listening on Journal Socket (/dev/log).
[ 41307] systemd[]:tarte Fwa Pswd qutso llDicty tc
[[0;32m  OK  [0m] Started Forward Password Requests to Wall Directory Watch.
[ 428222] stemd[1]: Ceatedli Sstem Slice.

[[0;32m  OK  [0m] Created slice System Slice.
[   4.20646]ysmd1] Cat slic stemserial\x2dgetty.slice.
[[0;32m  OK  [0m] Created slice system-serial\x2dgetty.slice.

[   43.658363] systemd[1]: Starting Create list of required static device nodes for the current kernel...
         Starting Create list of required st... nodes for the current kernel...
[   43.853909] systemd[1]: Starting Uncomplicated firewall...
         Starting Uncomplicated firewall...
[   43.910091] systemd[1]: Starting Remount Root and Kernel File Systems...
         [   43.991968] EXT4-fs (sda1): re-mounted. Opts: (null)
Starting Remount Root and Kernel File Systems...
[   44.029001] systemd[1]: Reached target Slices.
[[0;32m  OK  [0m] Reached target Slices.
[   44.094264] systemd[1]: Listenngn vie-pper eendaonIFs.
[[0;32m  OK  [0m] Listening on Device-mapper event daemon FIFOs.
[ 441860] sysemd[]:eached target Encrypted Volumes.
[[0;32m  OK  [0m] Reached target Encrypted Volumes.

[   44.910284] systemd[1]: Starting Load Kernel Modules...
         Starting Load Kernel Modules...
[   44.982330] systemd[1]: Set up automount Arbitrary Executable File Formats File System Automount Point.
[   44.988022] Loading iSCSI transport class v2.0-870.
[[0;32m  OK  [0m] Set up automo[   45.100359] iscsi: registered transport (tcp)
unt Arbitrary Executab...ats File System Automount Point.
[   45.141709] systemd[1]: Mounting POSIX Message Queue File System...
         Mounting POSIX M[   45.240644] iscsi: registered transport (iser)
essage Queue File System...
[   45.329884] systemd[1]: Listening on LVM2 metadata daemon socket.
[[0;32m  OK  [0m] Listening on LVM2 metadata daemon socket.
[   45.434142] systemd[1]: Starting Monitoring of LVM2 mirrors, snapshots etc. using dmeventd or progress polling...
         Starting Monitoring of LVM2 mirrors... dmeventd or progress polling...
[   45.622118] systemd[1]: Starting Journal Service...
         Starting Journal Service...
[   45.729942] systemd[1]: Mounting Huge Pages File System...
         Mounting Huge Pages File System...
[   45.850022] systemd[1]: Starting Set console keymap...
         Starting Set console keymap...
[   45.965994] systemd[1]: Mounting Debug File System...
         Mounting Debug File System...
[   46.061966] systemd[1]: Listening on /dev/initctl Compatibility Named Pipe.
[[0;32m  OK  [0m] Listening on /dev/initctl Compatibility Named Pipe.
[  4.2485 syste[1 Liseng  uv ntrol Sockt.
[[0;32m  OK  [0m] Listening on udev Control Socket.
[   46.990053] systemd[1]: Starting Nameserver information manager...
         Starting Nameserver information manager...
[   47.124454] systd[1]MotePOSIX Message Queu Fleystem.
[[0;32m  OK  [0m] Mounted POSIX Message Queue File System.
[ 476645systemd[1: Montd Debu Fe st.
[[0;32m  OK  [0m] Mounted Debug File System.
[ 48.154274] sstd[: ounted Hug PesFile Systm.
[[0;32m  OK  [0m] Mounted Huge Pages File System.
[   8.726359] systemd[1]: Srtd Journal Service.
[[0;32m  OK  [0m] Started Journal Service.
[[0;32m  OK  [0m] Started Create list of required sta...ce nodes for the current kernel.
[[0;32m  OK  [0m] Started Uncomplicated firewall.
[[0;32m  OK  [0m] Started Remount Root and Kernel File Systems.
[[0;32m  OK  [0m] Started Load Kernel Modules.
[[0;32m  OK  [0m] Started Set console keymap.
[[0;32m  OK  [0m] Started Nameserver information manager.
[[0;32m  OK  [0m] Started LVM2 metadata daemon.
         Mounting FUSE Control File System...
         Starting Apply Kernel Variables...
         Starting Load/Save Random Seed...
         Starting Initial cloud-init job (pre-networking)...
         Starting udev Coldplug all Devices...
         Starting Create Static Device Nodes in /dev...
         Starting Flush Journal to Persistent Storage...
[[0;32m  OK  [0m] Mounted FUSE Control File System.
[[0;32m  OK  [0m] Started Monitoring of LVM2 mirrors,...ng dmeventd or progress polling.
[[0;32m  OK  [0m] Started Apply Kernel Variables.
[[0;32m  OK  [0m] Started Load/Save Random Seed.
[[0;32m  OK  [0m] Started Create Static Device Nodes in /dev.
[[0;32m  OK  [0m] Started udev Coldplug all Devices.
[[0;32m  OK  [0m] Started Flush Journal to Persistent Storage.
         Starting udev Kernel Device Manager...
[[0;32m  OK  [0m] Started udev Kernel Device Manager.
[[0;32m  OK  [0m] Reached target Local File Systems (Pre).
[[0;32m  OK  [0m] Reached target Local File Systems.
         Starting LSB: AppArmor initialization...
         Starting Commit a transient machine-id on disk...
         Starting Set console font and keymap...
         Starting Create Volatile Files and Directories...
         Starting Tell Plymouth To Write Out Runtime Data...
[[0;32m  OK  [0m] Started Dispatch Password Requests to Console Directory Watch.
[[0;32m  OK  [0m] Started Commit a transient machine-id on disk.
[[0;32m  OK  [0m] Started Create Volatile Files and Directories.
[[0;32m  OK  [0m] Started Tell Plymouth To Write Out Runtime Data.
[[0;32m  OK  [0m] Found device /dev/ttyS0.
         Starting Update UTMP about System Boot/Shutdown...
[[0;32m  OK  [0m] Reached target System Time Synchronized.
[[0;32m  OK  [0m] Started Update UTMP about System Boot/Shutdown.
[[0;32m  OK  [0m] Listening on Load/Save RF Kill Switch Status /dev/rfkill Watch.
[   40.428195] cloud-init[456]: Cloud-init v. 17.1 running 'init-local' at Mon, 29 Jan 2018 14:41:18 +0000. Up 39.87 seconds.
[[0;32m  OK  [0m] Started Initial cloud-init job (pre-networking).
[[0;32m  OK  [0m] Started LSB: AppArmor initialization.
[[0;32m  OK  [0m] Reached target Network (Pre).
         Starting Raise network interfaces...
[[0;32m  OK  [0m] Started Set console font and keymap.
[[0;32m  OK  [0m] Created slice system-getty.slice.
[[0;32m  OK  [0m] Started Raise network interfaces.
         Starting Initial cloud-init job (metadata service crawler)...
[[0;32m  OK  [0m] Reached target Network.
[   43.716526] cloud-init[959]: Cloud-init v. 17.1 running 'init' at Mon, 29 Jan 2018 14:41:21 +0000. Up 42.86 seconds.
[   43.746753] cloud-init[959]: ci-info: ++++++++++++++++++++++++++++++++++++++Net device info++++++++++++++++++++++++++++++++++++++
[   43.812950] cloud-init[959]: ci-info: +--------+-------+----------------------------+---------------+-------+-------------------+
[   43.813425] cloud-init[959]: ci-info: | Device |   Up  |          Address           |      Mask     | Scope |     Hw-Address    |
[[0;32m  OK  [0m] Started Initial cloud-init job (metadata service crawler).
[   43.813825] cloud-init[959]: ci-info: +--------+-------+----------------------------+---------------+-------+-------------------+
[   44.132733] cloud-init[959]: ci-info: | enp0s3 |  True |         10.0.2.15          | 255.255.255.0 |   .   | 02:db:14:78:b4:e6 |
[   44.133264] cloud-init[959]: ci-info: | enp0s3 |  True | fe80::db:14ff:fe78:b4e6/64 |       .       |  link | 02:db:14:78:b4:e6 |
[[0;32m  OK  [0m] Reached target System Initialization.
[   44.133652] cloud-init[959]: ci-info: | enp0s8 | False |             .              |       .       |   .   | 08:00:27:21:4e:a1 |
[[0;32m  OK  [0m] Listening on UUID daemon activation socket.
[[   44.337530] cloud-init[959]: ci-info: |   lo   |  True |         127.0.0.1          |   255.0.0.0   |   .   |         .         |
[   44.481287] cloud-init[959]: ci-info: |   lo   |  True |          ::1/128           |       .       |  host |         .         |
[0;32m  OK  [0m] Listening on ACPID Listen Socket.
[[   44.481462] cloud-init[959]: ci-info: +--------+-------+----------------------------+---------------+-------+-------------------+
[0;32m  OK  [0m] Started Daily Cleanup of Temporary Directories.
[   44.694347] cloud-init[959]: ci-info: +++++++++++++++++++++++++++Route IPv4 info++++++++++++++++++++++++++++
[   44.913597] cloud-init[959]: ci-info: +-------+-------------+----------+---------------+-----------+-------+
[   44.914201] cloud-init[959]: ci-info: | Route | Destination | Gateway  |    Genmask    | Interface | Flags |
         Starting Socket activation for snappy daemon.
[   44.914570] cloud-init[959]: ci-info: +-------+-------------+----------+---------------+-----------+-------+
[   45.129541] cloud-init[959]: ci-info: |   0   |   0.0.0.0   | 10.0.2.2 |    0.0.0.0    |   enp0s3  |   UG  |
[[0;32m  OK  [0m] Listening on D-Bus System Message Bus Socket.
[   45.129794] cloud-init[959]: ci-info: |   1   |   10.0.2.0  | 0.0.0.0  | 255.255.255.0 |   enp0s3  |   U   |
[   45.423369] cloud-init[959]: ci-info: +-------+-------------+----------+---------------+-----------+-------+
[   45.423941] cloud-init[959]: Generating public/private rsa key pair.[
[0;32m  OK  [0m] Started ACPI Events Check.
[   45.424257] cloud-init[959]: Your identification has been saved in /etc/ssh/ssh_host_rsa_key.
[   45.585520] cloud-init[959]: Your public key has been saved in /etc/ssh/ssh_host_rsa_key.pub.
[[0;32m  OK  [0m] Reached target Paths.
[   45.585766] cloud-init[959]: The key fingerprint is:
[   45.809089] cloud-init[959]: SHA256:CmD8wZilb1NLOweSwEMuGK2Li29NKK5urlaSmxOgqX4 root@ubuntu-xenial
[   45.809700] cloud-init[959]: The key's randomart image is:
         Starting LXD - unix socket.
[   45.809923] cloud-init[959]: +---[RSA 2048]----+
[   46.021302] cloud-init[959]: |.+o .            |
[   46.022034] cloud-init[959]: |.++B .           |
[[0;32m  OK  [0m] Started Timer to automatically refresh installed snaps.
[[   46.022418] cloud-init[959]: |o.O.= +          |
[   46.157827] cloud-init[959]: |oo + = +         |
[0;32m  OK  [0m] Reached target Cloud-config availability.
[[   46.157980] cloud-init[959]: |+o..* + S        |
[   46.282450] cloud-init[959]: |*+.o.o +         |
[0;32m  OK  [0m] Reached target Network is Online.
[   46.282743] cloud-init[959]: |+o*o  .          |
[   46.446907] cloud-init[959]: |+B.E.            |
[   46.447433] cloud-init[959]: |@*+              |
         Starting iSCSI initiator daemon (iscsid)...
[   46.447821] cloud-init[959]: +----[SHA256]-----+
[   46.518633] cloud-init[959]: Generating public/private dsa key pair.
[[0;32m  OK  [0m] Started Daily apt download activities.
[[   46.518841] cloud-init[959]: Your identification has been saved in /etc/ssh/ssh_host_dsa_key.
[   46.646166] cloud-init[959]: Your public key has been saved in /etc/ssh/ssh_host_dsa_key.pub.
[0;32m  OK  [0m] Started Daily apt upgrade and clean activities.
[[   46.646719] cloud-init[959]: The key fingerprint is:
[   46.838346] cloud-init[959]: SHA256:i4R3ewp+yDmjG/LOoGoPiW97qZh4g2zriSHkNB0a5bA root@ubuntu-xenial
[0;32m  OK  [0m] Reached target Timers.
[   46.838591] cloud-init[959]: The key's randomart image is:
[   47.038712] cloud-init[959]: +---[DSA 1024]----+
[   47.039284] cloud-init[959]: | . .             |
[[0;32m  OK  [0m] Listening on Socket activation for snappy daemon.
[[0;32m  OK  [0m] Listening on LXD - unix socket.
[   47.039494] cloud-init[959]: |  =              |
[   47.265227] cloud-init[959]: | E o             |
[   47.265930] cloud-init[959]: |  + ..           |
[[0;32m  OK  [0m] Reached target Sockets.
[   47.266212] cloud-init[959]: | = .. o S        |
[   47.361042] cloud-init[959]: |= o  o o o       |
[[0;32m  OK  [0m] Reached target Basic System.
[   47.361264] cloud-init[959]: |==o .oooo .      |
[   47.472454] cloud-init[959]: |=X*=oo*..o       |
[   47.473043] cloud-init[959]: |%**B*o.+.        |
[[0;32m  OK  [0m] Started ACPI event daemon.
[   47.473396] cloud-init[959]: +----[SHA256]-----+
[   47.552296]          cloud-initStarting LXD - container startup/shutdown...[959]: 
Generating public/private ecdsa key pair.
[[0;32m  OK  [0m] Started Regular background program processing daemon.
[   47.619052] cloud-init[959]: Your identification has been saved in /etc/ssh/ssh_host_ecdsa_key.
[   47.620322] cloud-init[959]: Your public key has been saved in /etc/ssh/ssh_host_ecdsa_key.pub.
         Starting Login Service...
[   47.769862] cloud-init[959]: The key fingerprint is:
[   47.812414] [cloud-init[0;32m  OK  [0m[959]: ] SHA256:Zm+F9/ogpQFj3lxKBALFqLwPw4IpYeqDpYPzWcMXJ5o root@ubuntu-xenialStarted D-Bus System Message Bus.

[   47.813437] cloud-init[959]: The key's randomart image is:
[   47.893256] cloud-init[959]: +---[ECDSA 256]---+
         Starting Pollinate to seed the pseudo random number generator...
[   47.913404] cloud-init[959]: |    .=o ...      |
[   47.933911] cloud-init[959]: |    . .. .       |
         Starting Apply the settings specified in cloud-config...
         Starting System Logging Service...
[[0;32m  OK  [0m] Started FUSE filesystem for LXC.
         Starting /etc/rc.local Compatibility...
[   47.958737] cloud-init[959]: | . .    + . .    |
         Starting LSB: MD monitoring daemon...
[   48.080654] cloud-init[959]: |..o    o * +     |
[   48.125711] cloud-init[959]: |++ .  o S * +    |
[   48.139606] cloud-init[959]: |* *. o * . * .   |
         Starting LSB: Record successful boot for GRUB...
[   48.179451] cloud-init[959]: |=+ +E .   = . .  |
[   48.219253] cloud-init[959]: |*o o.o   . . o   |
         Starting Accounts Service...
[[0;32m  OK  [0m] Started Unattended Upgrades Shutdown.
[   48.231619] cloud-init[959]: | ++         ...  |
[[0;32m  OK  [0m] Started Deferred execution scheduler.
         Starting Snappy daemon...
[[0;32m  OK  [0m] Started System Logging Service.
[   48.291685] cloud-init[959]: +----[SHA256]-----+
[   48.328565] [[0;32m  OK  [0m] Started iSCSI initiator daemon (iscsid).
[[0;32m  OK  [0m] Started LXD - container startup/shutdown.
cloud-init[959]: Generating public/private ed25519 key pair.
[[0;32m  OK  [0m] Started /etc/rc.local Compatibility.
[   48.380660] cloud-init[959]: Your identification has been saved in /etc/ssh/ssh_host_ed25519_key.
[[0;32m  OK  [0m] Started Pollinate to seed the pseudo random number generator.
[   48.424692] cloud-init[959]: Your public key has been saved in /etc/ssh/ssh_host_ed25519_key.pub.
[   48.443097] cloud-init[959]: The key fingerprint is:
[   48.446152] cloud-init[959]: SHA256:3T8MmDFm51SELa/akaOy8CtJx/71l2FS4BuQ3q75o/Q root@ubuntu-xenial
[   48.452110] cloud-init[959]: The key's randomart image is:
[   48.473403] cloud-init[959]: +--[ED25519 256]--+
[   48.489543] cloud-init[959]: |            .+o  |
[   48.506353] cloud-init[959]: |           ooo.  |
[   48.532416] cloud-init[959]: |          * *o.  |
[[0;32m  OK  [0m] Started Login Service.
[   48.555339] [[0;32m  OK  [0m] Started LSB: Record successful boot for GRUB.
cloud-init[959]: |         + @ +.. |
         Starting Authenticate and Authorize Users to Run Privileged Tasks...
[   48.610649] cloud-init[959]: |       .S + =o+  |
[   48.619568] cloud-init[959]: |      . o   =B o |
[   48.638558] cloud-init[959]: |     ..+   =+o* o|
[   48.654625]          cloud-initStarting OpenBSD Secure Shell server...[959]: 
|      ooo ++oo o.|
         Starting Login to default iSCSI targets...
[[0;32m  OK  [0m] Started Snappy daemon.
[[0;32m  OK  [0m] Started OpenBSD Secure Shell server.
[[0;32m  OK  [0m] Started LSB: MD monitoring daemon.
[[0;32m  OK  [0m] Started Authenticate and Authorize Users to Run Privileged Tasks.
[[0;32m  OK  [0m] Started Accounts Service.
[   48.687435] cloud-init[959]: |       .+=..oEo. |
[   48.822238] cloud-init[959]: +----[SHA256]-----+
[[0;32m  OK  [0m] Started Login to default iSCSI targets.
[[0;32m  OK  [0m] Reached target Remote File Systems (Pre).
[[0;32m  OK  [0m] Reached target Remote File Systems.
         Starting Permit User Sessions...
         Starting LSB: Set the CPU Frequency Scaling governor to "ondemand"...
         Starting LSB: VirtualBox Linux Additions...
         Starting LSB: daemon to balance interrupts for SMP systems...
         Starting LSB: automatic crash report generation...
[[0;32m  OK  [0m] Started Permit User Sessions.
[[0;32m  OK  [0m] Started LSB: Set the CPU Frequency Scaling governor to "ondemand".
         Starting Terminate Plymouth Boot Screen...
         Starting Hold until boot process finishes up...
[[0;32m  OK  [0m] Started Terminate Plymouth Boot Screen.
[[0;32m  OK  [0m] Started Hold until boot process finishes up.
[[0;32m  OK  [0m] Started LSB: daemon to balance interrupts for SMP systems.
[[0;32m  OK  [0m] Started LSB: automatic crash report generation.
[[0;32m  OK  [0m] Started LSB: VirtualBox Linux Additions.
[   49.326570] cloud-init[1082]: Generating locales (this might take a while)...
[[0;32m  OK  [0m] Created slice User Slice of vagrant.
         Starting User Manager for UID 1000...
[[0;32m  OK  [0m] Started Session 1 of user vagrant.
[[0;32m  OK  [0m] Started Getty on tty1.
         Starting Set console scheme...
[[0;32m  OK  [0m] Started Serial Getty on ttyS0.
[[0;32m  OK  [0m] Reached target Login Prompts.
[[0;32m  OK  [0m] Reached target Multi-User System.
[[0;32m  OK  [0m] Reached target Graphical Interface.
         Starting Update UTMP about System Runlevel Changes...
[[0;32m  OK  [0m] Started User Manager for UID 1000.
[[0;32m  OK  [0m] Started Set console scheme.
[[0;32m  OK  [0m] Started Update UTMP about System Runlevel Changes.
[   50.524489] cloud-init[1082]:   en_US.UTF-8... done
[   50.528690] cloud-init[1082]: Generation complete.
[   51.033661] cloud-init[1082]: Cloud-init v. 17.1 running 'modules:config' at Mon, 29 Jan 2018 14:41:27 +0000. Up 48.80 seconds.
[[0;32m  OK  [0m] Started Apply the settings specified in cloud-config.
         Starting Execute cloud user/final scripts...
         Stopping User Manager for UID 1000...
[[0;32m  OK  [0m] Stopped User Manager for UID 1000.
[[0;32m  OK  [0m] Removed slice User Slice of vagrant.
[[0;32m  OK  [0m] Created slice User Slice of vagrant.
ci-info: no authorized ssh keys fingerprints found for user ubuntu.
         Starting User Manager for UID 1000...
[[0;32m  OK  [0m] Started User Manager for UID 1000.
<14>Jan 29 14:41:30 ec2: 
<14>Jan 29 14:41:30 ec2: #############################################################
<14>Jan 29 14:41:30 ec2: -----BEGIN SSH HOST KEY FINGERPRINTS-----
<14>Jan 29 14:41:30 ec2: 1024 SHA256:i4R3ewp+yDmjG/LOoGoPiW97qZh4g2zriSHkNB0a5bA root@ubuntu-xenial (DSA)
<14>Jan 29 14:41:30 ec2: 256 SHA256:Zm+F9/ogpQFj3lxKBALFqLwPw4IpYeqDpYPzWcMXJ5o root@ubuntu-xenial (ECDSA)
<14>Jan 29 14:41:30 ec2: 256 SHA256:3T8MmDFm51SELa/akaOy8CtJx/71l2FS4BuQ3q75o/Q root@ubuntu-xenial (ED25519)
<14>Jan 29 14:41:30 ec2: 2048 SHA256:CmD8wZilb1NLOweSwEMuGK2Li29NKK5urlaSmxOgqX4 root@ubuntu-xenial (RSA)
<14>Jan 29 14:41:30 ec2: -----END SSH HOST KEY FINGERPRINTS-----
<14>Jan 29 14:41:30 ec2: #############################################################
-----BEGIN SSH HOST KEY KEYS-----
ecdsa-sha2-nistp256 AAAAE2VjZHNhLXNoYTItbmlzdHAyNTYAAAAIbmlzdHAyNTYAAABBBAb10Sc8xqN/02NraLs83zxbtUNFTHARwR84AcogC9HgBZf9mObuwPIFw8gnsSfjTbTszOwoVwZxINHZDo8bLjo= root@ubuntu-xenial
ssh-ed25519 AAAAC3NzaC1lZDI1NTE5AAAAIJIi7u88vBXPr3D4k32OJ0rAtMlTp6emyo2nlEgjmvwL root@ubuntu-xenial
ssh-rsa AAAAB3NzaC1yc2EAAAADAQABAAABAQDDiRre4m/3dp2TYOq3itQ/AANWAAxgTefdFxdCFk0o55EueJnIxUqcj16wwTy26AaT6uloLIuZCCjwtORLS0cfr4NlO6cO0zVv9Kpe6n1/PLdo97vePCrZ9ECwNvRcqafK91YFInxbHZqHILLm+w5VY3k+lPlpCQPj4S278rdDsHRCwZ7FsoCsfFq4DtOxBFo3QUJNsLwj9qfxDGyrIJbek4jAHA/MvZlIITcVBPwIaW+NWSpKCBPezgPe+QasUv6vvbrExXLCHBf3ulrAlVxhhGnkXyDoMR3hCmb2Wxx8THBWWo3RlznLytZLPpPILUYVHtT9fz41AZN6/MCe0zCP root@ubuntu-xenial
-----END SSH HOST KEY KEYS-----
[[0;32m  OK  [0m] Started Session 2 of user vagrant.
[   52.983466] cloud-init[1459]: Cloud-init v. 17.1 running 'modules:final' at Mon, 29 Jan 2018 14:41:30 +0000. Up 51.63 seconds.
[   53.098783] [cloud-init[0;32m  OK  [0m[1459]: ] ci-info: no authorized ssh keys fingerprints found for user ubuntu.Started Execute cloud user/final scripts.

[   53.099381] cloud-init[1459]: Cloud-init v. 17.1 finished at Mon, 29 Jan 2018 14:41:31 +0000. Datasource DataSourceNoCloud [seed=/dev/sdb][dsmode=net].  Up 52.977seconds
[[0;32m  OK  [0m] Reached target Cloud-init target.

Ubuntu 16.04.3 LTS ubuntu-xenial ttyS0

ubuntu-xenial login: 